Replace 0, 'y'
Replace 3, 'o'
Replace 4, 'o'
Replace 6, 'h'
Replace 9, 'v'
Replace 10, 'd'
Replace 13, 'r'
Replace 16, 's'
Replace 18, 'g'
Replace 19, 'i'
Replace 20, 'q'
Replace 21, 'g'
Replace 23, 'c'
Replace 24, 'g'
Replace 25, 'r'
Replace 26, 'f'
Replace 27, 'z'
Replace 28, 'f'
Replace 29, 'o'
Replace 30, 'g'
Replace 32, 't'
Replace 33, 'g'
Replace 34, 'e'
Replace 36, 'w'
Replace 39, 'i'
Replace 41, 'e'
Replace 42, 'p'
Replace 43, 'q'
Replace 45, 's'
Replace 46, 'w'
Replace 48, 'y'
Replace 49, 'h'
Replace 50, 'h'
Replace 51, 'a'
Replace 52, 't'
Replace 54, 'm'
Replace 55, 'c'
Replace 56, 'i'
Replace 57, 'v'
Replace 59, 'a'
Replace 61, 'k'
Replace 62, 'k'
Replace 64, 'k'
Replace 66, 'u'
Replace 67, 'q'
Replace 69, 'u'
Replace 71, 'p'
Replace 72, 'a'
Replace 73, 'i'
Replace 74, 'i'
Replace 75, 'p'
Replace 76, 'n'
Replace 78, 'y'
Replace 79, 'd'
Replace 81, 'p'
Replace 83, 'u'
Replace 84, 'e'
Replace 87, 's'
Replace 88, 'v'
Replace 89, 'a'
Replace 90, 'p'
Replace 91, 'b'
Replace 92, 'l'
Replace 93, 'c'
Replace 94, 'a'
Replace 95, 'j'
Replace 96, 'f'
Replace 98, 'u'
Replace 99, 'g'
Replace 100, 'z'
Replace 101, 'n'
Replace 102, 'i'
Replace 103, 'p'
Replace 106, 'q'
Replace 107, 'r'
Replace 108, 'i'
Replace 109, 'd'
Replace 111, 't'
Replace 112, 'r'
Replace 114, 'p'
Replace 115, 'a'
Replace 116, 'w'
Replace 117, 'x'
Replace 118, 'c'
Replace 119, 'w'
Replace 121, 'm'
Replace 123, 'y'
Replace 125, 'g'
Replace 126, 'e'
Replace 128, 'r'
Replace 131, 'a'
Replace 132, 'x'
Replace 134, 'b'
Replace 137, 'j'
Replace 141, 's'
Replace 143, 'n'
Replace 144, 'c'
Replace 145, 'f'
Replace 147, 'l'
Replace 148, 't'
Replace 149, 'm'
Replace 150, 'l'
Replace 152, 'r'
Replace 153, 'h'
Replace 155, 'h'
Replace 156, 'u'
Replace 157, 't'
Replace 158, 'o'
Replace 159, 'p'
Replace 160, 'n'
Replace 161, 'y'
Replace 163, 'r'
Replace 164, 'x'
Replace 165, 'h'
Replace 166, 'g'
Replace 167, 'o'
Replace 169, 's'
Replace 171, 't'
Replace 174, 'z'
Replace 175, 'l'
Replace 176, 'v'
Replace 177, 'o'
Replace 179, 'f'
Replace 180, 'q'
Replace 181, 'y'
Replace 182, 'a'
Replace 183, 'v'
Replace 186, 'g'
Replace 188, 'b'
Replace 192, 'c'
Replace 193, 'a'
Replace 194, 'w'
Replace 196, 'n'
Replace 197, 'n'
Replace 198, 'w'
Replace 199, 'd'
Replace 200, 'y'
Replace 201, 'd'
Replace 202, 'b'
Replace 204, 'b'
Replace 205, 'w'
Replace 206, 'n'
Replace 209, 'j'
Replace 210, 'h'
Replace 211, 'c'
Replace 212, 't'
Replace 215, 'q'
Replace 217, 'q'
Replace 218, 'o'
Replace 219, 'e'
Replace 220, 'p'
Replace 221, 'i'
Replace 222, 'b'
Replace 223, 'n'
Replace 225, 'n'
Replace 226, 'l'
Replace 230, 'j'
Replace 233, 'r'
Replace 234, 's'
Replace 238, 'x'
Replace 239, 'l'
Replace 240, 'r'
Replace 241, 'v'
Replace 242, 'n'
Replace 244, 'j'
Replace 245, 'a'
Replace 246, 'b'
Replace 247, 'i'
Replace 248, 'h'
Replace 249, 'q'
Replace 250, 'g'
Replace 251, 's'
Replace 256, 'b'
Replace 257, 'd'
Replace 259, 'r'
Replace 261, 'j'
Replace 262, 'c'
Replace 265, 'c'
Replace 266, 'r'
Replace 267, 'a'
Replace 271, 'u'
Replace 272, 'k'
Replace 278, 'i'
Replace 280, 'e'
Replace 281, 'o'
Replace 282, 'm'
Replace 283, 'f'
Replace 284, 's'
Replace 285, 'd'
Replace 286, 'o'
Replace 288, 'b'
Replace 289, 'c'
Replace 290, 'r'
Replace 291, 'e'
Replace 295, 'j'
Replace 298, 'q'
Replace 299, 'w'
Replace 300, 't'
Replace 301, 'f'
Replace 303, 'h'
Replace 312, 'e'
Replace 313, 'a'
Replace 319, 'b'
Replace 320, 'm'
Replace 321, 'h'
Replace 322, 'o'
Replace 324, 'g'
Replace 325, 't'
Replace 326, 'w'
Replace 328, 'h'
Replace 329, 'y'
Replace 330, 'v'
Replace 332, 'o'
Replace 334, 'n'
Replace 335, 'x'
Replace 337, 'y'
Replace 338, 'p'
Replace 340, 'f'
Replace 341, 'z'
Replace 342, 'd'
Replace 346, 'h'
Replace 347, 'a'
Replace 348, 'y'
Replace 351, 'k'
Replace 357, 'm'
Replace 358, 'i'
Replace 359, 'l'
Replace 360, 't'
Replace 364, 'e'
Replace 366, 'p'
Replace 367, 'a'
Replace 368, 'y'
Replace 370, 'n'
Replace 371, 'p'
Replace 373, 'n'
Replace 374, 'b'
Replace 376, 'b'
Replace 377, 'j'
Replace 379, 'e'
Replace 381, 'd'
Replace 385, 'g'
Replace 386, 'l'
Replace 388, 'v'
Replace 389, 'y'
Replace 399, 'v'
Replace 400, 'd'
Replace 401, 'd'
Replace 402, 'm'
Replace 404, 'b'
Replace 405, 'z'
Replace 406, 'l'
Replace 407, 'h'
Replace 408, 'l'
Replace 410, 'v'
Replace 413, 'a'
Replace 420, 'j'
Replace 421, 'y'
Replace 423, 'm'
Replace 425, 'w'
Replace 426, 'x'
Replace 428, 'c'
Replace 429, 'f'
Replace 430, 'z'
Replace 432, 'v'
Replace 433, 't'
Replace 435, 'e'
Replace 436, 'z'
Replace 438, 'p'
Replace 439, 'l'
Replace 440, 'j'
Replace 441, 'y'
Replace 442, 'h'
Replace 443, 'o'
Replace 444, 't'
Replace 445, 'u'
Replace 447, 'a'
Replace 452, 'q'
Replace 453, 'e'
Replace 454, 'u'
Replace 455, 'z'
Replace 457, 'x'
Replace 460, 'k'
Replace 461, 'r'
Replace 463, 'd'
Replace 469, 'c'
Replace 470, 'k'
Replace 471, 'n'
Replace 473, 'j'
Replace 474, 'd'
Replace 475, 'y'
Replace 476, 'q'
Replace 477, 'r'
Replace 479, 'f'
Replace 480, 'r'
Replace 481, 't'
Replace 482, 'w'
Replace 483, 'z'
Replace 484, 'q'
Replace 487, 'l'
Replace 488, 'u'
Replace 489, 's'
Replace 490, 'z'
Replace 492, 'v'
Replace 496, 'm'
Replace 501, 'x'
Replace 505, 'l'
Replace 506, 'u'
Replace 508, 'p'
Replace 510, 'g'
Replace 511, 'k'
Replace 512, 'o'
Replace 513, 'd'
Replace 514, 'h'
Replace 515, 'i'
Replace 519, 'r'
Replace 520, 'u'
Replace 522, 'j'
Replace 524, 'g'
Replace 525, 'z'
Replace 530, 'f'
Replace 531, 'f'
Replace 533, 'a'
Replace 534, 'k'
Replace 535, 'q'
Replace 536, 'f'
Replace 537, 'j'
Replace 539, 'l'
Replace 541, 'e'
Replace 542, 'd'
Replace 543, 'a'
Replace 551, 'e'
Replace 552, 'z'
Replace 553, 'a'
Replace 554, 'r'
Replace 555, 'v'
Replace 556, 'v'
Replace 560, 'b'
Replace 562, 's'
Replace 567, 'i'
Replace 570, 'w'
Replace 574, 'h'
Replace 575, 'z'
Replace 577, 'y'
Replace 578, 'x'
Replace 580, 'a'
Replace 581, 'd'
Replace 582, 'l'
Replace 587, 'l'
Replace 588, 'i'
Replace 589, 'j'
Replace 590, 'p'
Replace 591, 'n'
Replace 592, 'c'
Replace 593, 'x'
Replace 594, 'a'
Replace 595, 'm'
Replace 597, 'x'
Replace 598, 'w'
Replace 599, 'm'
Replace 600, 'l'
Replace 601, 'u'
Replace 602, 'x'
Replace 603, 'y'
Replace 604, 'd'
Replace 605, 'o'
Replace 606, 's'
Replace 608, 'm'
Replace 610, 's'
Replace 612, 'w'
Replace 620, 'n'
Replace 623, 'i'
Replace 626, 'p'
Replace 631, 'm'
Replace 638, 'n'
Replace 642, 'x'
Replace 644, 'e'
Replace 646, 'x'
Replace 647, 'p'
Replace 648, 'e'
Replace 650, 'w'
Replace 651, 'k'
Replace 652, 'u'
Replace 654, 'm'
Replace 655, 'h'
Replace 656, 'q'
Replace 657, 'a'
Replace 659, 'l'
Replace 660, 'k'
Replace 664, 'n'
Replace 667, 'm'
Replace 672, 'e'
Replace 673, 'l'
Replace 675, 'x'
Replace 677, 'n'
Replace 678, 'g'
Replace 679, 'i'
Replace 683, 'z'
Replace 684, 'u'
Replace 686, 'l'
Replace 689, 'k'
Replace 691, 'k'
Replace 693, 'l'
Replace 694, 'i'
Replace 696, 'w'
Replace 697, 't'
Replace 699, 'g'
Replace 700, 't'
Replace 702, 'f'
Replace 703, 'w'
Replace 704, 'w'
Replace 705, 'z'
Replace 707, 'j'
Replace 708, 'j'
Replace 710, 'z'
Replace 712, 'e'
Replace 714, 'l'
Replace 715, 'k'
Replace 716, 'l'
Replace 717, 'c'
Replace 719, 'e'
Replace 723, 'q'
Replace 724, 's'
Replace 726, 'j'
Replace 727, 'u'
Replace 728, 'k'
Replace 729, 'j'
Replace 730, 'w'
Replace 731, 'w'
Replace 733, 'l'
Replace 734, 'i'
Replace 735, 'v'
Replace 736, 'n'
Replace 740, 'm'
Replace 741, 't'
Replace 742, 'd'
Replace 745, 's'
Replace 750, 'e'
Replace 752, 'x'
Replace 753, 'c'
Replace 757, 'f'
Replace 758, 'e'
Replace 759, 'a'
Replace 761, 'q'
Replace 762, 'z'
Replace 763, 'k'
Replace 764, 'z'
Replace 768, 'y'
Replace 769, 'k'
Replace 770, 'p'
Replace 771, 'd'
Replace 772, 'm'
Replace 774, 'e'
Replace 775, 'i'
Replace 776, 'b'
Replace 777, 'v'
Replace 779, 'l'
Replace 780, 'e'
Replace 781, 'q'
Replace 782, 'v'
Replace 784, 'h'
Replace 785, 'h'
Replace 786, 'm'
Replace 788, 'd'
Replace 789, 'u'
Replace 790, 'z'
Replace 793, 'i'
Replace 794, 't'
Replace 795, 'g'
Replace 797, 'p'
Replace 798, 'f'
Replace 799, 'n'
Replace 800, 'j'
Replace 802, 'i'
Replace 804, 't'
Replace 805, 'q'
Replace 807, 'z'
Replace 811, 'k'
Replace 813, 't'
Replace 814, 'v'
Replace 816, 't'
Replace 817, 'h'
Replace 818, 'o'
Replace 819, 's'
Replace 821, 'l'
Replace 822, 'v'
Replace 823, 'a'
Replace 824, 'z'
Replace 825, 'l'
Replace 827, 'o'
Replace 830, 'y'
Replace 831, 'q'
Replace 834, 'i'
Replace 837, 'g'
Replace 839, 't'
Replace 840, 'x'
Replace 841, 'y'
Replace 842, 's'
Replace 844, 'b'
Replace 846, 'x'
Replace 847, 'y'
Replace 849, 'x'
Replace 850, 'a'
Replace 852, 'v'
Replace 853, 't'
Replace 854, 'g'
Replace 856, 'o'
Replace 858, 's'
Replace 859, 'v'
Replace 860, 'e'
Replace 861, 'o'
Replace 863, 'i'
Replace 865, 'l'
Replace 866, 'p'
Replace 868, 'v'
Replace 870, 'g'
Replace 871, 'c'
Replace 874, 'r'
Replace 875, 'b'
Replace 877, 'e'
Replace 878, 'y'
Replace 879, 'h'
Replace 880, 'i'
Replace 881, 'l'
Replace 882, 'z'
Replace 883, 'e'
Replace 884, 'g'
Replace 885, 'r'
Replace 886, 'f'
Replace 888, 'y'
Replace 889, 'e'
Replace 890, 'g'
Replace 891, 'f'
Replace 892, 'i'
Replace 893, 'r'
Replace 894, 'h'
Replace 895, 'j'
Replace 896, 't'
Replace 897, 'o'
Replace 899, 'l'
Replace 900, 'c'
Replace 901, 'y'
Replace 902, 'p'
Replace 903, 'o'
Replace 904, 'y'
Replace 906, 'l'
Replace 907, 's'
Replace 910, 'h'
Replace 911, 'g'
Replace 912, 'f'
Replace 915, 'o'
Replace 917, 'p'
Replace 919, 's'
Replace 920, 'n'
Replace 921, 'i'
Replace 924, 'o'
Replace 926, 'i'
Replace 927, 'i'
Replace 928, 'p'
Replace 930, 'b'
Replace 931, 'a'
Replace 933, 'q'
Replace 935, 'k'
Replace 936, 'r'
Replace 937, 'a'
Replace 939, 'k'
Replace 940, 'n'
Replace 941, 'p'
Replace 942, 'i'
Replace 944, 'l'
Replace 949, 'e'
Replace 955, 'c'
Replace 956, 'o'
Replace 957, 'e'
Replace 958, 'k'
Replace 959, 'l'
Replace 960, 'l'
Replace 961, 'o'
Replace 962, 'j'
Replace 964, 's'
Replace 965, 'g'
Replace 966, 'q'
Replace 967, 'z'
Replace 968, 'i'
Replace 969, 'q'
Replace 972, 'c'
Replace 974, 'k'
Replace 975, 'x'
Replace 976, 'd'
Replace 977, 'w'
Replace 979, 's'
Replace 980, 'q'
Replace 982, 'k'
Replace 990, 'k'
Replace 991, 't'
Replace 992, 'b'
Replace 994, 'v'
Replace 995, 'b'
Replace 996, 't'
Replace 997, 'r'
Replace 998, 'n'
Replace 999, 'm'
Replace 1001, 'd'
Replace 1007, 's'
Replace 1008, 'u'
Replace 1009, 'f'
Replace 1011, 'l'
Replace 1015, 'z'
Replace 1016, 'u'
Replace 1022, 'f'
Replace 1023, 'j'
Replace 1028, 'r'
Replace 1029, 'g'
Replace 1032, 's'
Replace 1033, 's'
Replace 1035, 'h'
Replace 1036, 'n'
Replace 1037, 'l'
Replace 1038, 'a'
Replace 1043, 'b'
Replace 1047, 't'
Replace 1048, 'n'
Replace 1049, 'k'
Replace 1052, 'e'
Replace 1053, 'c'
Replace 1055, 'i'
Replace 1057, 'z'
Replace 1058, 't'
Replace 1063, 'm'
Replace 1064, 't'
Replace 1065, 'l'
Replace 1069, 'q'
Replace 1070, 'j'
Replace 1075, 't'
Replace 1077, 'y'
Replace 1078, 'j'
Replace 1079, 'l'
Replace 1081, 'r'
Replace 1082, 'm'
Replace 1083, 'o'
Replace 1084, 'c'
Replace 1085, 'o'
Replace 1086, 'j'
Replace 1088, 'r'
Replace 1090, 'y'
Replace 1091, 'q'
Replace 1092, 'j'
Replace 1094, 'a'
Replace 1095, 'y'
Replace 1097, 't'
Replace 1098, 'r'
Replace 1099, 'v'
Replace 1100, 'a'
Replace 1102, 'm'
Replace 1103, 's'
Replace 1104, 't'
Replace 1106, 'm'
Replace 1107, 'u'
Replace 1108, 'r'
Replace 1109, 'l'
Replace 1110, 'u'
Replace 1111, 's'
Replace 1112, 'x'
Replace 1113, 'z'
Replace 1114, 'd'
Replace 1116, 'f'
Replace 1117, 'd'
Replace 1118, 'v'
Replace 1119, 'c'
Replace 1124, 'u'
Replace 1125, 'p'
Replace 1127, 'u'
Replace 1128, 'j'
Replace 1129, 'v'
Replace 1132, 'w'
Replace 1139, 'v'
Replace 1140, 'f'
Replace 1141, 'f'
Replace 1153, 't'
Replace 1154, 'j'
Replace 1156, 'm'
Replace 1157, 'p'
Replace 1159, 'm'
Replace 1162, 'i'
Replace 1168, 'k'
Replace 1169, 'n'
Replace 1173, 'm'
Replace 1175, 'i'
Replace 1177, 'v'
Replace 1180, 't'
Replace 1182, 't'
Replace 1185, 'h'
Replace 1186, 'r'
Replace 1187, 'l'
Replace 1188, 'p'
Replace 1190, 'd'
Replace 1191, 'c'
Replace 1192, 'd'
Replace 1193, 'p'
Replace 1197, 's'
Replace 1201, 'c'
Replace 1202, 'n'
Replace 1203, 'a'
Replace 1204, 'h'
Replace 1206, 'p'
Replace 1208, 'o'
Replace 1209, 'b'
Replace 1210, 'd'
Replace 1212, 'y'
Replace 1213, 'h'
Replace 1215, 'c'
Replace 1216, 'j'
Replace 1218, 'j'
Replace 1219, 'r'
Replace 1220, 't'
Replace 1221, 'z'
Replace 1222, 'p'
Replace 1223, 'l'
Replace 1224, 'f'
Replace 1225, 'j'
Replace 1227, 'r'
Replace 1228, 'a'
Replace 1230, 'b'
Replace 1231, 'a'
Replace 1232, 'v'
Replace 1236, 'l'
Replace 1237, 'e'
Replace 1238, 'l'
Replace 1239, 'r'
Replace 1240, 'm'
Replace 1241, 'g'
Replace 1243, 'k'
Replace 1245, 'o'
Replace 1246, 'h'
Replace 1247, 'e'
Replace 1248, 'g'
Replace 1251, 'b'
Replace 1252, 'k'
Replace 1253, 'l'
Replace 1254, 'p'
Replace 1255, 'i'
Replace 1256, 'n'
Replace 1257, 'e'
Replace 1259, 'o'
Replace 1260, 'm'
Replace 1261, 'd'
Replace 1262, 'b'
Replace 1263, 'a'
Replace 1264, 'h'
Replace 1265, 'n'
Replace 1267, 'u'
Replace 1271, 'p'
Replace 1273, 'j'
Replace 1274, 'c'
Replace 1275, 's'
Replace 1277, 'v'
Replace 1278, 'p'
Replace 1279, 'e'
Replace 1280, 'y'
Replace 1282, 'z'
Replace 1283, 'm'
Replace 1285, 'v'
Replace 1286, 'f'
Replace 1287, 'q'
Replace 1288, 'o'
Replace 1290, 'd'
Replace 1291, 'b'
Replace 1292, 'l'
Replace 1294, 'd'
Replace 1295, 'm'
Replace 1296, 't'
Replace 1297, 'v'
Replace 1298, 'r'
Replace 1300, 'a'
Replace 1303, 'q'
Replace 1305, 'y'
Replace 1306, 'a'
Replace 1308, 'm'
Replace 1310, 'b'
Replace 1313, 's'
Replace 1314, 'd'
Replace 1315, 'z'
Replace 1319, 'r'
Replace 1323, 'x'
Replace 1324, 'd'
Replace 1325, 'h'
Replace 1333, 'u'
Replace 1339, 'e'
Replace 1340, 'y'
Replace 1341, 'l'
Replace 1343, 'o'
Replace 1344, 'w'
Replace 1345, 'n'
Replace 1346, 'a'
Replace 1348, 'i'
Replace 1349, 'j'
Replace 1351, 's'
Replace 1353, 'x'
Replace 1355, 'a'
Replace 1356, 'i'
Replace 1359, 'i'
Replace 1360, 'y'
Replace 1363, 'a'
Replace 1364, 'j'
Replace 1365, 'f'
Replace 1368, 'b'
Replace 1370, 'i'
Replace 1373, 'n'
Replace 1374, 'a'
Replace 1376, 'y'
Replace 1378, 'n'
Replace 1379, 'k'
Replace 1380, 'i'
Replace 1381, 'o'
Replace 1382, 'd'
Replace 1384, 'y'
Replace 1385, 'k'
Replace 1387, 'u'
Replace 1390, 'f'
Replace 1391, 'b'
Replace 1392, 'k'
Replace 1393, 'l'
Replace 1395, 'x'
Replace 1396, 'o'
Replace 1399, 'n'
Replace 1400, 'q'
Replace 1401, 'z'
Replace 1403, 'z'
Replace 1404, 'l'
Replace 1406, 'w'
Replace 1407, 'd'
Replace 1408, 'm'
Replace 1409, 'u'
Replace 1410, 'a'
Replace 1412, 'd'
Replace 1413, 't'
Replace 1414, 'y'
Replace 1415, 'u'
Replace 1416, 'i'
Replace 1417, 'd'
Replace 1418, 'o'
Replace 1420, 'u'
Replace 1422, 'y'
Replace 1423, 'r'
Replace 1424, 'k'
Replace 1425, 'q'
Replace 1426, 'c'
Replace 1427, 'm'
Replace 1429, 'w'
Replace 1430, 'n'
Replace 1431, 'i'
Replace 1432, 'k'
Replace 1436, 'a'
Replace 1437, 'q'
Replace 1438, 'n'
Replace 1441, 'h'
Replace 1443, 'b'
Replace 1447, 'c'
Replace 1448, 'h'
Replace 1450, 'g'
Replace 1453, 'e'
Replace 1454, 'n'
Replace 1455, 'n'
Replace 1459, 'e'
Replace 1461, 'c'
Replace 1462, 'w'
Replace 1463, 'd'
Replace 1467, 'd'
Replace 1468, 'h'
Replace 1469, 'p'
Replace 1470, 'h'
Replace 1472, 'x'
Replace 1473, 'x'
Replace 1477, 'r'
Replace 1487, 'w'
Replace 1488, 'g'
Replace 1490, 'r'
Replace 1492, 'p'
Replace 1493, 'y'
Replace 1494, 'n'
Replace 1495, 'p'
Replace 1497, 's'
Replace 1498, 'j'
Replace 1499, 'z'
Replace 1502, 'y'
Replace 1505, 'h'
Replace 1507, 'h'
Replace 1509, 'y'
Replace 1510, 'c'
Replace 1511, 'f'
Replace 1512, 'i'
Replace 1513, 'd'
Replace 1514, 'j'
Replace 1515, 'j'
Replace 1516, 'a'
Replace 1519, 'g'
Replace 1520, 'p'
Replace 1521, 'u'
Replace 1522, 'y'
Replace 1523, 'g'
Replace 1524, 'e'
Replace 1525, 'n'
Replace 1526, 'j'
Replace 1527, 'y'
Replace 1528, 'g'
Replace 1529, 'p'
Replace 1530, 'z'
Replace 1531, 'y'
Replace 1532, 'x'
Replace 1533, 'g'
Replace 1534, 'k'
Replace 1535, 'q'
Replace 1536, 'u'
Replace 1538, 'q'
Replace 1539, 'k'
Replace 1540, 't'
Replace 1544, 'l'
Replace 1545, 'v'
Replace 1546, 'q'
Replace 1547, 'q'
Replace 1548, 't'
Replace 1549, 'b'
Replace 1551, 'y'
Replace 1552, 's'
Replace 1553, 'd'
Replace 1555, 'b'
Replace 1556, 'e'
Replace 1558, 'b'
Replace 1559, 'z'
Replace 1560, 'l'
Replace 1562, 'f'
Replace 1563, 'v'
Replace 1564, 'f'
Replace 1565, 'g'
Replace 1568, 'q'
Replace 1569, 's'
Replace 1572, 'o'
Replace 1574, 'b'
Replace 1577, 'f'
Replace 1579, 'p'
Replace 1580, 'g'
Replace 1581, 'w'
Replace 1587, 'f'
Replace 1588, 'u'
Replace 1589, 'd'
Replace 1590, 't'
Replace 1592, 'o'
Replace 1595, 'c'
Replace 1596, 'c'
Replace 1598, 'w'
Replace 1599, 'j'
Replace 1600, 'r'
Replace 1601, 'c'
Replace 1602, 'v'
Replace 1603, 'i'
Replace 1605, 't'
Replace 1606, 'x'
Replace 1607, 's'
Replace 1613, 'h'
Replace 1615, 'm'
Replace 1617, 'i'
Replace 1618, 'r'
Replace 1619, 'a'
Replace 1620, 'd'
Replace 1622, 'g'
Replace 1624, 'u'
Replace 1625, 'b'
Replace 1626, 'n'
Replace 1628, 'r'
Replace 1630, 'd'
Replace 1632, 'b'
Replace 1633, 'y'
Replace 1634, 'j'
Replace 1635, 't'
Replace 1637, 'p'
Replace 1639, 'f'
Replace 1640, 'w'
Replace 1643, 'o'
Replace 1644, 'x'
Replace 1645, 'b'
Replace 1646, 'e'
Replace 1647, 'd'
Replace 1648, 'j'
Replace 1649, 'a'
Replace 1650, 'n'
Replace 1651, 'v'
Replace 1653, 'x'
Replace 1654, 'q'
Replace 1660, 't'
Replace 1661, 'u'
Replace 1663, 'u'
Replace 1666, 'w'
Replace 1668, 'h'
Replace 1669, 'i'
Replace 1670, 'z'
Replace 1672, 'e'
Replace 1673, 'j'
Replace 1675, 'o'
Replace 1676, 'n'
Replace 1677, 'z'
Replace 1679, 'b'
Replace 1681, 'w'
Replace 1682, 'z'
Replace 1683, 'z'
Replace 1684, 'u'
Replace 1686, 'l'
Replace 1687, 'p'
Replace 1688, 'r'
Replace 1690, 'a'
Replace 1691, 't'
Replace 1693, 'o'
Replace 1694, 'k'
Replace 1696, 'u'
Replace 1698, 'k'
Replace 1699, 'd'
Replace 1700, 'q'
Replace 1703, 'h'
Replace 1704, 'i'
Replace 1706, 'w'
Replace 1708, 'h'
Replace 1709, 'q'
Replace 1710, 'l'
Replace 1712, 'o'
Replace 1713, 'v'
Replace 1716, 'v'
Replace 1719, 'n'
Replace 1720, 'e'
Replace 1722, 'a'
Replace 1723, 'a'
Replace 1726, 'q'
Replace 1730, 'k'
Replace 1732, 'x'
Replace 1739, 'p'
Replace 1742, 'y'
Replace 1744, 'h'
Replace 1746, 'j'
Replace 1748, 't'
Replace 1749, 'y'
Replace 1751, 'b'
Replace 1752, 'e'
Replace 1753, 'l'
Replace 1756, 'i'
Replace 1757, 'o'
Replace 1758, 'b'
Replace 1760, 'u'
Replace 1761, 't'
Replace 1762, 'i'
Replace 1764, 'u'
Replace 1765, 'a'
Replace 1767, 'e'
Replace 1771, 'i'
Replace 1772, 'w'
Replace 1774, 's'
Replace 1775, 'f'
Replace 1776, 'h'
Replace 1777, 'y'
Replace 1779, 'n'
Replace 1780, 'j'
Replace 1781, 'd'
Replace 1783, 'v'
Replace 1785, 'k'
Replace 1786, 'm'
Replace 1788, 'r'
Replace 1791, 'u'
Replace 1792, 'l'
Replace 1793, 'b'
Replace 1796, 'h'
Replace 1797, 'g'
Replace 1798, 'o'
Replace 1799, 'c'
Replace 1800, 'v'
Replace 1801, 'j'
Replace 1802, 's'
Replace 1803, 'v'
Replace 1804, 'k'
Replace 1805, 's'
Replace 1807, 'd'
Replace 1808, 'e'
Replace 1810, 'u'
Replace 1811, 'q'
Replace 1813, 't'
Replace 1817, 'c'
Replace 1819, 't'
Replace 1820, 'k'
Replace 1822, 'm'
Replace 1823, 'b'
Replace 1824, 'w'
Replace 1825, 'h'
Replace 1827, 'o'
Replace 1829, 'o'
Replace 1836, 'x'
Replace 1838, 'r'
Replace 1842, 'j'
Replace 1845, 'p'
Replace 1847, 'c'
Replace 1848, 'z'
Replace 1850, 'l'
Replace 1852, 'm'
Replace 1857, 'q'
Replace 1859, 'j'
Replace 1861, 'e'
Replace 1862, 'k'
Replace 1863, 'e'
Replace 1865, 'c'
Replace 1866, 'q'
Replace 1867, 'w'
Replace 1868, 'y'
Replace 1869, 'n'
Replace 1870, 'e'
Replace 1871, 'q'
Replace 1872, 'e'
Replace 1874, 'm'
Replace 1875, 'm'
Replace 1876, 'h'
Replace 1877, 'f'
Replace 1878, 'g'
Replace 1879, 'b'
Replace 1880, 'h'
Replace 1882, 'z'
Replace 1883, 'a'
Replace 1885, 'e'
Replace 1887, 'g'
Replace 1888, 'z'
Replace 1890, 'o'
Replace 1891, 's'
Replace 1892, 'm'
Replace 1893, 'g'
Replace 1895, 'e'
Replace 1896, 'q'
Replace 1897, 'n'
Replace 1898, 'v'
Replace 1899, 'i'
Replace 1900, 'i'
Replace 1901, 'r'
Replace 1902, 'p'
Replace 1903, 'a'
Replace 1906, 'j'
Replace 1907, 't'
Replace 1908, 'e'
Replace 1916, 'n'
Replace 1917, 'f'
Replace 1919, 'm'
Replace 1924, 'k'
Replace 1928, 'r'
Replace 1929, 'd'
Replace 1930, 'a'
Replace 1931, 'i'
Replace 1932, 'o'
Replace 1933, 'w'
Replace 1935, 'y'
Replace 1939, 'v'
Replace 1942, 'y'
Replace 1948, 'c'
Replace 1949, 'x'
Replace 1950, 'o'
Replace 1951, 'd'
Replace 1953, 'd'
Replace 1957, 's'
Replace 1958, 'u'
Replace 1959, 'd'
Replace 1961, 'w'
Replace 1963, 'o'
Replace 1964, 't'
Replace 1968, 'h'
Replace 1971, 'f'
Replace 1975, 'e'
Replace 1977, 'k'
Replace 1978, 'f'
Replace 1979, 'c'
Replace 1980, 'a'
Replace 1981, 'e'
Replace 1982, 'f'
Replace 1988, 'x'
Replace 1989, 'o'
Replace 1990, 'm'
Replace 1991, 'u'
Replace 1992, 'l'
Replace 1993, 'p'
Replace 1997, 'a'
Replace 1998, 'p'
Replace 1999, 'b'
Replace 2000, 's'
Replace 2001, 'h'
Replace 2002, 'b'
Replace 2003, 'm'
Replace 2004, 'b'
Replace 2006, 'u'
Replace 2007, 'x'
Replace 2008, 'n'
Replace 2012, 'c'
Replace 2013, 't'
Replace 2015, 'a'
Replace 2016, 'n'
Replace 2017, 'r'
Replace 2018, 'i'
Replace 2019, 'h'
Replace 2020, 'w'
Replace 2021, 'x'
Replace 2022, 'b'
Replace 2023, 'o'
Replace 2024, 'e'
Replace 2025, 'e'
Replace 2026, 'b'
Replace 2027, 'h'
Replace 2028, 'h'
Replace 2030, 'd'
Replace 2031, 'a'
Replace 2034, 'j'
Replace 2036, 'j'
Replace 2037, 'w'
Replace 2039, 'q'
Replace 2042, 'c'
Replace 2050, 'f'
Replace 2051, 'i'
Replace 2053, 'h'
Replace 2054, 'u'
Replace 2055, 'q'
Replace 2059, 'x'
Replace 2061, 'x'
Replace 2062, 'd'
Replace 2063, 'a'
Replace 2067, 'f'
Replace 2069, 'k'
Replace 2070, 'l'
Replace 2071, 's'
Replace 2072, 'w'
Replace 2073, 'q'
Replace 2077, 'd'
Replace 2078, 'j'
Replace 2079, 'o'
Replace 2080, 'g'
Replace 2081, 'j'
Replace 2082, 'z'
Replace 2083, 'k'
Replace 2085, 'z'
Replace 2089, 'd'
Replace 2095, 'p'
Replace 2096, 'm'
Replace 2098, 'b'
Replace 2099, 'e'
Replace 2101, 'v'
Replace 2102, 'x'
Replace 2103, 'e'
Replace 2105, 'd'
Replace 2107, 'e'
Replace 2109, 'i'
Replace 2111, 'q'
Replace 2112, 'u'
Replace 2113, 'c'
Replace 2115, 'n'
Replace 2119, 'a'
Replace 2121, 'x'
Replace 2122, 'h'
Replace 2123, 'y'
Replace 2124, 'k'
Replace 2125, 'z'
Replace 2126, 'k'
Replace 2129, 't'
Replace 2130, 'z'
Replace 2131, 'n'
Replace 2132, 'b'
Replace 2134, 'e'
Replace 2135, 'a'
Replace 2136, 'v'
Replace 2137, 'h'
Replace 2138, 'u'
Replace 2140, 's'
Replace 2141, 'u'
Replace 2142, 'q'
Replace 2143, 'z'
Replace 2144, 'm'
Replace 2145, 'e'
Replace 2146, 's'
Replace 2147, 'n'
Replace 2148, 'n'
Replace 2149, 'z'
Replace 2151, 'd'
Replace 2152, 'j'
Replace 2153, 'a'
Replace 2154, 'r'
Replace 2157, 'z'
Replace 2159, 'm'
Replace 2160, 'l'
Replace 2161, 's'
Replace 2162, 't'
Replace 2164, 'o'
Replace 2165, 'p'
Replace 2166, 'w'
Replace 2169, 'w'
Replace 2170, 'i'
Replace 2171, 'p'
Replace 2172, 'q'
Replace 2176, 'n'
Replace 2180, 'g'
Replace 2181, 'e'
Replace 2182, 'u'
Replace 2183, 'a'
Replace 2184, 'm'
Replace 2188, 's'
Replace 2189, 'y'
Replace 2191, 'w'
Replace 2193, 'q'
Replace 2194, 'x'
Replace 2195, 'k'
Replace 2196, 'c'
Replace 2197, 'c'
Replace 2198, 'a'
Replace 2199, 'g'
Replace 2200, 'u'
Replace 2201, 'x'
Replace 2203, 'x'
Replace 2206, 'e'
Replace 2207, 'o'
Replace 2208, 'n'
Replace 2209, 'i'
Replace 2210, 'z'
Replace 2211, 'e'
Replace 2213, 'l'
Replace 2214, 'f'
Replace 2215, 'h'
Replace 2217, 'i'
Replace 2219, 'm'
Replace 2220, 'h'
Replace 2221, 'g'
Replace 2222, 'c'
Replace 2223, 'w'
Replace 2225, 'g'
Replace 2226, 'w'
Replace 2228, 'a'
Replace 2229, 'i'
Replace 2230, 'l'
Replace 2232, 'q'
Replace 2233, 'z'
Replace 2234, 's'
Replace 2235, 'x'
Replace 2236, 'o'
Replace 2237, 'e'
Replace 2239, 'n'
Replace 2240, 'u'
Replace 2243, 'x'
Replace 2246, 'q'
Replace 2248, 'r'
Replace 2249, 'w'
Replace 2250, 'f'
Replace 2251, 'e'
Replace 2252, 'j'
Replace 2255, 'g'
Replace 2256, 's'
Replace 2260, 'w'
Replace 2268, 'v'
Replace 2270, 'p'
Replace 2271, 't'
Replace 2272, 'v'
Replace 2273, 'h'
Replace 2275, 'z'
Replace 2276, 't'
Replace 2278, 'g'
Replace 2279, 'a'
Replace 2281, 'd'
Replace 2283, 'r'
Replace 2285, 'b'
Replace 2287, 'r'
Replace 2288, 'k'
Replace 2289, 'f'
Replace 2290, 'o'
Replace 2291, 'v'
Replace 2292, 'g'
Replace 2299, 'j'
Replace 2300, 'i'
Replace 2301, 'j'
Replace 2303, 's'
Replace 2304, 'd'
Replace 2305, 's'
Replace 2307, 'k'
Replace 2309, 'a'
Replace 2311, 'p'
Replace 2312, 't'
Replace 2313, 'j'
Replace 2314, 'a'
Replace 2315, 'b'
Replace 2316, 'b'
Replace 2318, 'g'
Replace 2321, 'b'
Replace 2322, 'a'
Replace 2323, 'u'
Replace 2325, 'n'
Replace 2327, 'v'
Replace 2328, 't'
Replace 2329, 'g'
Replace 2330, 'n'
Replace 2332, 'e'
Replace 2333, 'f'
Replace 2334, 't'
Replace 2335, 'd'
Replace 2337, 'n'
Replace 2338, 'm'
Replace 2339, 'k'
Replace 2341, 'v'
Replace 2343, 'm'
Replace 2344, 'x'
Replace 2346, 'w'
Replace 2347, 'd'
Replace 2348, 'p'
Replace 2350, 'v'
Replace 2351, 'x'
Replace 2352, 'r'
Replace 2354, 'r'
Replace 2355, 'f'
Replace 2357, 'x'
Replace 2358, 'x'
Replace 2363, 'g'
Replace 2364, 'f'
Replace 2365, 'l'
Replace 2366, 'z'
Replace 2367, 'k'
Replace 2368, 'k'
Replace 2369, 'h'
Replace 2370, 't'
Replace 2374, 'd'
Replace 2375, 'i'
Replace 2376, 'g'
Replace 2377, 'd'
Replace 2379, 'q'
Replace 2383, 'z'
Replace 2384, 's'
Replace 2385, 'r'
Replace 2386, 'l'
Replace 2387, 'b'
Replace 2388, 'q'
Replace 2391, 'd'
Replace 2393, 'k'
Replace 2394, 'f'
Replace 2395, 'g'
Replace 2396, 'n'
Replace 2397, 'u'
Replace 2399, 'q'
Replace 2400, 'l'
Replace 2401, 'k'
Replace 2402, 'a'
Replace 2403, 'v'
Replace 2404, 'k'
Replace 2405, 'd'
Replace 2407, 'd'
Replace 2408, 'w'
Replace 2409, 's'
Replace 2411, 'c'
Replace 2412, 'k'
Replace 2414, 's'
Replace 2415, 'c'
Replace 2416, 'u'
Replace 2417, 'd'
Replace 2418, 'b'
Replace 2421, 's'
Replace 2422, 'r'
Replace 2424, 'l'
Replace 2425, 'c'
Replace 2426, 'o'
Replace 2430, 'o'
Replace 2431, 's'
Replace 2432, 'u'
Replace 2433, 'y'
Replace 2434, 'l'
Replace 2435, 'f'
Replace 2436, 'x'
Replace 2437, 'c'
Replace 2438, 'a'
Replace 2439, 'r'
Replace 2441, 'i'
Replace 2442, 'x'
Replace 2443, 'e'
Replace 2445, 'n'
Replace 2447, 'b'
Replace 2449, 'z'
Replace 2450, 'd'
Replace 2452, 'q'
Replace 2453, 'y'
Replace 2454, 'p'
Replace 2455, 'h'
Replace 2459, 'p'
Replace 2462, 's'
Replace 2464, 'y'
Replace 2465, 'n'
Replace 2466, 'd'
Replace 2467, 'f'
Replace 2469, 'q'
Replace 2470, 'c'
Replace 2472, 'w'
Replace 2473, 'y'
Replace 2474, 'v'
Replace 2476, 'm'
Replace 2477, 'g'
Replace 2478, 'i'
Replace 2480, 'h'
Replace 2482, 'w'
Replace 2483, 'z'
Replace 2484, 'w'
Replace 2485, 'd'
Replace 2486, 'h'
Replace 2487, 'n'
Replace 2488, 'g'
Replace 2491, 'n'
Replace 2492, 'u'
Replace 2494, 'l'
Replace 2495, 'h'
Replace 2496, 'x'
Replace 2497, 'y'
Replace 2498, 'x'
Replace 2500, 'r'
Replace 2501, 'q'
Replace 2502, 'e'
Replace 2503, 'w'
Replace 2504, 'h'
Replace 2506, 'u'
Replace 2507, 'h'
Replace 2509, 'r'
Replace 2510, 'e'
Replace 2512, 'y'
Replace 2513, 'c'
Replace 2515, 'o'
Replace 2516, 'w'
Replace 2517, 'f'
Replace 2518, 'e'
Replace 2519, 'l'
Replace 2520, 'j'
Replace 2522, 'j'
Replace 2523, 'x'
Replace 2524, 'i'
Replace 2525, 'q'
Replace 2527, 'e'
Replace 2529, 'k'
Replace 2530, 'x'
Replace 2531, 'v'
Replace 2533, 'h'
Replace 2534, 'o'
Replace 2540, 'j'
Replace 2541, 'n'
Replace 2545, 'l'
Replace 2549, 'e'
Replace 2550, 'w'
Replace 2552, 'z'
Replace 2554, 'w'
Replace 2555, 'k'
Replace 2557, 'c'
Replace 2559, 'h'
Replace 2561, 'j'
Replace 2562, 'n'
Replace 2563, 'k'
Replace 2564, 'x'
Replace 2566, 't'
Replace 2567, 'u'
Replace 2569, 'x'
Replace 2570, 'g'
Replace 2571, 'p'
Replace 2573, 'c'
Replace 2574, 'h'
Replace 2578, 'b'
Replace 2579, 'v'
Replace 2580, 'g'
Replace 2581, 'y'
Replace 2582, 't'
Replace 2583, 'z'
Replace 2585, 'g'
Replace 2586, 'y'
Replace 2588, 'y'
Replace 2589, 's'
Replace 2592, 'b'
Replace 2601, 't'
Replace 2602, 'f'
Replace 2604, 'e'
Replace 2605, 'z'
Replace 2607, 'u'
Replace 2611, 'n'
Replace 2612, 'q'
Replace 2613, 'h'
Replace 2617, 't'
Replace 2618, 'c'
Replace 2619, 'd'
Replace 2622, 'f'
Replace 2626, 'k'
Replace 2627, 'p'
Replace 2629, 'm'
Replace 2630, 'f'
Replace 2631, 'g'
Replace 2632, 'f'
Replace 2634, 'n'
Replace 2638, 't'
Replace 2640, 't'
Replace 2642, 'm'
Replace 2643, 'n'
Replace 2644, 'u'
Replace 2645, 'p'
Replace 2647, 'o'
Replace 2648, 'y'
Replace 2650, 's'
Replace 2652, 'y'
Replace 2653, 'x'
Replace 2654, 'h'
Replace 2656, 'k'
Replace 2657, 'u'
Replace 2658, 'q'
Replace 2659, 'u'
Replace 2660, 'n'
Replace 2661, 'g'
Replace 2664, 'z'
Replace 2666, 'p'
Replace 2669, 'q'
Replace 2670, 'n'
Replace 2672, 'u'
Replace 2673, 'p'
Replace 2677, 'k'
Replace 2678, 'o'
Replace 2679, 'q'
Replace 2680, 'n'
Replace 2683, 'l'
Replace 2689, 'u'
Replace 2694, 'p'
Replace 2697, 'a'
Replace 2699, 'p'
Replace 2700, 'o'
Replace 2702, 'o'
Replace 2703, 'u'
Replace 2704, 'r'
Replace 2705, 'f'
Replace 2708, 'j'
Replace 2713, 'n'
Replace 2714, 'v'
Replace 2724, 'p'
Replace 2725, 'm'
Replace 2726, 'm'
Replace 2727, 'f'
Replace 2728, 'q'
Replace 2730, 'e'
Replace 2731, 'j'
Replace 2733, 'p'
Replace 2734, 'w'
Replace 2735, 'f'
Replace 2736, 'i'
Replace 2737, 'b'
Replace 2738, 'w'
Replace 2739, 'e'
Replace 2741, 'q'
Replace 2742, 'x'
Replace 2743, 'w'
Replace 2744, 'k'
Replace 2745, 'h'
Replace 2747, 'q'
Replace 2748, 'c'
Replace 2749, 'f'
Replace 2750, 'q'
Replace 2751, 'j'
Replace 2753, 'v'
Replace 2760, 'r'
Replace 2761, 'n'
Replace 2766, 'x'
Replace 2769, 'e'
Replace 2770, 'n'
Replace 2771, 'j'
Replace 2772, 'v'
Replace 2773, 'v'
Replace 2774, 'm'
Replace 2775, 'a'
Replace 2777, 'j'
Replace 2779, 't'
Replace 2781, 'c'
Replace 2782, 'j'
Replace 2783, 'a'
Replace 2785, 'l'
Replace 2786, 'u'
Replace 2787, 'j'
Replace 2789, 'p'
Replace 2791, 'h'
Replace 2792, 'u'
Replace 2794, 'a'
Replace 2797, 'y'
Replace 2798, 'l'
Replace 2805, 'o'
Replace 2809, 'w'
Replace 2811, 'q'
Replace 2812, 'n'
Replace 2813, 'p'
Replace 2816, 'q'
Replace 2817, 'p'
Replace 2824, 'z'
Replace 2826, 'h'
Replace 2827, 'u'
Replace 2828, 'k'
Replace 2830, 'a'
Replace 2831, 'l'
Replace 2832, 'c'
Replace 2834, 'r'
Replace 2836, 'z'
Replace 2837, 't'
Replace 2838, 'c'
Replace 2839, 'z'
Replace 2840, 'e'
Replace 2841, 'h'
Replace 2842, 'w'
Replace 2843, 'z'
Replace 2844, 'r'
Replace 2845, 'g'
Replace 2847, 'k'
Replace 2848, 'q'
Replace 2851, 'h'
Replace 2852, 'u'
Replace 2854, 'd'
Replace 2855, 'e'
Replace 2862, 's'
Replace 2864, 'k'
Replace 2866, 'r'
Replace 2867, 'o'
Replace 2868, 'w'
Replace 2869, 'h'
Replace 2871, 'a'
Replace 2872, 'b'
Replace 2874, 'i'
Replace 2875, 'r'
Replace 2876, 'o'
Replace 2878, 'a'
Replace 2881, 'g'
Replace 2882, 'f'
Replace 2884, 'g'
Replace 2885, 'u'
Replace 2886, 'e'
Replace 2888, 'e'
Replace 2889, 'h'
Replace 2893, 'z'
Replace 2894, 'z'
Replace 2896, 't'
Replace 2897, 'u'
Replace 2899, 'v'
Replace 2901, 'k'
Replace 2904, 'u'
Replace 2905, 'n'
Replace 2906, 'e'
Replace 2908, 'd'
Replace 2911, 'x'
Replace 2912, 'h'
Replace 2916, 't'
Replace 2917, 'o'
Replace 2918, 'l'
Replace 2919, 'h'
Replace 2920, 'l'
Replace 2921, 'r'
Replace 2922, 'w'
Replace 2923, 's'
Replace 2924, 'a'
Replace 2927, 'k'
Replace 2928, 'z'
Replace 2930, 'm'
Replace 2931, 't'
Replace 2932, 'q'
Replace 2933, 'i'
Replace 2934, 'd'
Replace 2935, 'x'
Replace 2936, 'h'
Replace 2938, 'f'
Replace 2940, 'm'
Replace 2941, 'r'
Replace 2944, 'v'
Replace 2945, 'w'
Replace 2946, 'm'
Replace 2948, 'i'
Replace 2949, 'r'
Replace 2951, 'u'
Replace 2952, 'k'
Replace 2953, 'e'
Replace 2955, 'h'
Replace 2956, 'p'
Replace 2957, 'c'
Replace 2963, 'x'
Replace 2967, 'p'
Replace 2968, 'j'
Replace 2969, 'd'
Replace 2970, 'l'
Replace 2971, 'q'
Replace 2972, 'n'
Replace 2973, 'w'
Replace 2976, 't'
Replace 2977, 'b'
Replace 2978, 'g'
Replace 2979, 'c'
Replace 2982, 'f'
Replace 2983, 't'
Replace 2984, 'h'
Replace 2985, 'y'
Replace 2990, 'k'
Replace 2991, 'r'
Replace 2993, 'n'
Replace 3002, 'w'
Replace 3007, 'v'
Replace 3008, 'w'
Replace 3009, 'w'
Replace 3010, 'i'
Replace 3011, 'l'
Replace 3012, 't'
Replace 3013, 't'
Replace 3014, 'x'
Replace 3016, 'j'
Replace 3017, 's'
Replace 3018, 'p'
Replace 3019, 'f'
Replace 3020, 'i'
Replace 3022, 'k'
Replace 3024, 'x'
Replace 3025, 'h'
Replace 3026, 'g'
Replace 3027, 'w'
Replace 3029, 'l'
Replace 3030, 'v'
Replace 3032, 'j'
Replace 3035, 'y'
Replace 3036, 'v'
Replace 3038, 'o'
Replace 3039, 'i'
Replace 3041, 'u'
Replace 3042, 'c'
Replace 3043, 'f'
Replace 3044, 'd'
Replace 3047, 'l'
Replace 3048, 'q'
Replace 3049, 'x'
Replace 3050, 'w'
Replace 3051, 'd'
Replace 3052, 'a'
Replace 3053, 'v'
Replace 3055, 'a'
Replace 3056, 's'
Replace 3058, 'u'
Replace 3059, 'q'
Replace 3060, 'm'
Replace 3061, 'o'
Replace 3062, 'z'
Replace 3063, 'x'
Replace 3064, 'n'
Replace 3065, 'h'
Replace 3066, 'l'
Replace 3068, 's'
Replace 3070, 'x'
Replace 3071, 'r'
Replace 3072, 'c'
Replace 3073, 'h'
Replace 3074, 'e'
Replace 3075, 'o'
Replace 3076, 'g'
Replace 3077, 'b'
Replace 3078, 'w'
Replace 3079, 'n'
Replace 3080, 'd'
Replace 3081, 'z'
Replace 3083, 'r'
Replace 3084, 'h'
Replace 3085, 's'
Replace 3086, 'l'
Replace 3087, 'v'
Replace 3088, 'c'
Replace 3090, 't'
Replace 3095, 's'
Replace 3097, 'k'
Replace 3099, 'j'
Replace 3101, 'm'
Replace 3102, 'o'
Replace 3103, 'x'
Replace 3104, 'v'
Replace 3105, 'f'
Replace 3106, 'f'
Replace 3107, 'e'
Replace 3109, 'i'
Replace 3113, 'p'
Replace 3114, 'a'
Replace 3115, 'e'
Replace 3116, 'z'
Replace 3117, 'f'
Replace 3118, 'v'
Replace 3119, 'm'
Replace 3121, 'y'
Replace 3122, 'y'
Replace 3124, 's'
Replace 3129, 'm'
Replace 3130, 'l'
Replace 3132, 'v'
Replace 3133, 'j'
Replace 3134, 'v'
Replace 3135, 'x'
Replace 3137, 'r'
Replace 3142, 'p'
Replace 3143, 'f'
Replace 3146, 'x'
Replace 3148, 'j'
Replace 3149, 'z'
Replace 3150, 'b'
Replace 3151, 'p'
Replace 3154, 'b'
Replace 3157, 'o'
Replace 3158, 'a'
Replace 3159, 'e'
Replace 3160, 'g'
Replace 3161, 'e'
Replace 3162, 'd'
Replace 3163, 'w'
Replace 3165, 's'
Replace 3168, 'z'
Replace 3169, 'v'
Replace 3170, 'r'
Replace 3171, 'k'
Replace 3173, 'b'
Replace 3175, 'l'
Replace 3176, 'y'
Replace 3177, 'd'
Replace 3179, 'l'
Replace 3180, 'f'
Replace 3181, 'i'
Replace 3182, 'a'
Replace 3183, 'c'
Replace 3184, 'u'
Replace 3185, 'b'
Replace 3186, 'r'
Replace 3189, 'q'
Replace 3190, 'r'
Replace 3191, 'z'
Replace 3192, 'j'
Replace 3194, 't'
Replace 3195, 'c'
Replace 3196, 'a'
Replace 3197, 'r'
Replace 3198, 'b'
Replace 3199, 'a'
Replace 3200, 'm'
Replace 3201, 'h'
Replace 3202, 'e'
Replace 3203, 'o'
Replace 3206, 't'
Replace 3207, 'j'
Replace 3208, 'y'
Replace 3209, 'z'
Replace 3213, 'o'
Replace 3214, 'z'
Replace 3216, 'p'
Replace 3217, 'b'
Replace 3218, 'a'
Replace 3219, 'd'
Replace 3220, 'a'
Replace 3223, 'e'
Replace 3224, 'j'
Replace 3226, 's'
Replace 3227, 'o'
Replace 3229, 'e'
Replace 3230, 'b'
Replace 3231, 'd'
Replace 3232, 'b'
Replace 3237, 'n'
Replace 3241, 'r'
Replace 3253, 'o'
Replace 3254, 'p'
Replace 3257, 'x'
Replace 3258, 'm'
Replace 3259, 'b'
Replace 3260, 'f'
Replace 3261, 'y'
Replace 3263, 'n'
Replace 3264, 'm'
Replace 3265, 'w'
Replace 3266, 'o'
Replace 3268, 'u'
Replace 3269, 'n'
Replace 3270, 'h'
Replace 3271, 'g'
Replace 3272, 'j'
Replace 3273, 'e'
Replace 3275, 'v'
Replace 3276, 'v'
Replace 3278, 'x'
Replace 3280, 'e'
Replace 3282, 'l'
Replace 3283, 'k'
Replace 3284, 'o'
Replace 3285, 'r'
Replace 3286, 'w'
Replace 3289, 'w'
Replace 3292, 'q'
Replace 3294, 'i'
Replace 3295, 'a'
Replace 3297, 'r'
Replace 3298, 'k'
Replace 3299, 'n'
Replace 3301, 'm'
Replace 3302, 'y'
Replace 3306, 'a'
Replace 3308, 'h'
Replace 3310, 'x'
Replace 3312, 'z'
Replace 3313, 'v'
Replace 3315, 'x'
Replace 3316, 't'
Replace 3317, 'w'
Replace 3318, 'd'
Replace 3319, 'z'
Replace 3320, 'b'
Replace 3321, 'y'
Replace 3322, 'l'
Replace 3323, 'c'
Replace 3324, 'd'
Replace 3325, 'd'
Replace 3327, 'q'
Replace 3329, 'w'
Replace 3330, 'j'
Replace 3331, 'f'
Replace 3334, 'm'
Replace 3338, 'o'
Replace 3340, 'c'
Replace 3343, 'p'
Replace 3344, 'k'
Replace 3345, 's'
Replace 3346, 'h'
Replace 3347, 'z'
Replace 3349, 'o'
Replace 3350, 'u'
Replace 3351, 'g'
Replace 3352, 'm'
Replace 3353, 'v'
Replace 3354, 'f'
Replace 3355, 'r'
Replace 3356, 't'
Replace 3357, 'z'
Replace 3358, 'f'
Replace 3359, 'm'
Replace 3360, 'z'
Replace 3362, 't'
Replace 3364, 'q'
Replace 3365, 'd'
Replace 3368, 'e'
Replace 3369, 'z'
Replace 3370, 'p'
Replace 3372, 'u'
Replace 3373, 'j'
Replace 3374, 'o'
Replace 3375, 'u'
Replace 3376, 'h'
Replace 3377, 'p'
Replace 3378, 's'
Replace 3380, 'c'
Replace 3386, 'o'
Replace 3387, 'o'
Replace 3388, 'r'
Replace 3389, 'd'
Replace 3390, 'm'
Replace 3391, 'g'
Replace 3392, 'u'
Replace 3393, 'z'
Replace 3394, 'l'
Replace 3399, 'f'
Replace 3400, 'f'
Replace 3402, 'k'
Replace 3404, 'z'
Replace 3407, 'r'
Replace 3409, 'x'
Replace 3410, 'j'
Replace 3411, 'o'
Replace 3412, 'i'
Replace 3419, 'b'
Replace 3426, 'm'
Replace 3427, 'z'
Replace 3428, 'm'
Replace 3429, 'v'
Replace 3430, 'b'
Replace 3432, 'x'
Replace 3433, 'g'
Replace 3436, 'e'
Replace 3438, 'b'
Replace 3439, 'y'
Replace 3440, 'w'
Replace 3441, 'j'
Replace 3442, 'u'
Replace 3443, 'r'
Replace 3445, 'i'
Replace 3446, 'k'
Replace 3448, 'w'
Replace 3450, 'f'
Replace 3452, 'q'
Replace 3453, 'c'
Replace 3455, 'l'
Replace 3456, 'i'
Replace 3459, 'd'
Replace 3461, 'j'
Replace 3462, 'k'
Replace 3464, 'u'
Replace 3466, 'a'
Replace 3467, 'h'
Replace 3469, 'i'
Replace 3470, 'b'
Replace 3471, 't'
Replace 3472, 'n'
Replace 3473, 's'
Replace 3474, 'f'
Replace 3476, 'k'
Replace 3478, 'd'
Replace 3479, 'o'
Replace 3480, 'w'
Replace 3490, 'j'
Replace 3492, 't'
Replace 3493, 'p'
Replace 3494, 's'
Replace 3495, 'a'
Replace 3499, 'i'
Replace 3501, 'j'
Replace 3502, 'i'
Replace 3503, 'z'
Replace 3504, 'p'
Replace 3505, 'b'
Replace 3507, 'h'
Replace 3508, 'y'
Replace 3509, 'b'
Replace 3510, 'm'
Replace 3511, 'l'
Replace 3516, 'h'
Replace 3517, 'f'
Replace 3518, 'a'
Replace 3520, 'b'
Replace 3521, 'u'
Replace 3523, 'x'
Replace 3525, 'v'
Replace 3526, 'z'
Replace 3527, 'b'
Replace 3528, 'u'
Replace 3534, 'd'
Replace 3535, 'y'
Replace 3536, 's'
Replace 3546, 't'
Replace 3547, 't'
Replace 3549, 'f'
Replace 3550, 'l'
Replace 3551, 'v'
Replace 3552, 'h'
Replace 3554, 'p'
Replace 3556, 'd'
Replace 3557, 'a'
Replace 3558, 'q'
Replace 3559, 'z'
Replace 3560, 'n'
Replace 3561, 'c'
Replace 3563, 'p'
Replace 3564, 'j'
Replace 3565, 'd'
Replace 3567, 'l'
Replace 3568, 'e'
Replace 3570, 'z'
Replace 3572, 'b'
Replace 3573, 'y'
Replace 3575, 'd'
Replace 3577, 'p'
Replace 3578, 'x'
Replace 3579, 'v'
Replace 3580, 's'
Replace 3581, 'b'
Replace 3583, 'l'
Replace 3585, 'w'
Replace 3586, 'l'
Replace 3590, 'a'
Replace 3591, 'w'
Replace 3592, 'b'
Replace 3593, 'm'
Replace 3594, 'u'
Replace 3595, 's'
Replace 3596, 'c'
Replace 3598, 'w'
Replace 3599, 'k'
Replace 3600, 'l'
Replace 3602, 'c'
Replace 3605, 'm'
Replace 3607, 'a'
Replace 3608, 'x'
Replace 3610, 't'
Replace 3612, 'p'
Replace 3615, 'd'
Replace 3616, 'n'
Replace 3617, 's'
Replace 3618, 'a'
Replace 3619, 'p'
Replace 3620, 'i'
Replace 3621, 'g'
Replace 3623, 's'
Replace 3625, 'q'
Replace 3626, 'c'
Replace 3627, 'p'
Replace 3628, 'x'
Replace 3629, 'o'
Replace 3630, 'w'
Replace 3631, 't'
Replace 3633, 'a'
Replace 3634, 'g'
Replace 3635, 'c'
Replace 3637, 'y'
Replace 3638, 'u'
Replace 3641, 'h'
Replace 3643, 's'
Replace 3644, 'h'
Replace 3647, 'q'
Replace 3651, 'u'
Replace 3653, 'h'
Replace 3655, 'h'
Replace 3657, 'x'
Replace 3658, 'z'
Replace 3660, 'q'
Replace 3662, 'i'
Replace 3663, 'f'
Replace 3664, 'z'
Replace 3665, 'e'
Replace 3666, 'y'
Replace 3667, 'v'
Replace 3668, 'e'
Replace 3669, 'h'
Replace 3671, 'v'
Replace 3673, 'f'
Replace 3675, 'q'
Replace 3677, 'e'
Replace 3678, 'e'
Replace 3679, 'r'
Replace 3681, 'l'
Replace 3682, 't'
Replace 3683, 'r'
Replace 3684, 'k'
Replace 3685, 'z'
Replace 3686, 'c'
Replace 3687, 'q'
Replace 3689, 'w'
Replace 3691, 'h'
Replace 3698, 'e'
Replace 3699, 'f'
Replace 3701, 'z'
Replace 3702, 'd'
Replace 3703, 'g'
Replace 3704, 'x'
Replace 3705, 'g'
Replace 3706, 'q'
Replace 3707, 'h'
Replace 3709, 'a'
Replace 3710, 't'
Replace 3711, 'b'
Replace 3712, 'k'
Replace 3714, 'v'
Replace 3715, 'r'
Replace 3717, 'p'
Replace 3718, 'w'
Replace 3722, 'o'
Replace 3724, 't'
Replace 3728, 'q'
Replace 3729, 'j'
Replace 3731, 'h'
Replace 3733, 'j'
Replace 3734, 'd'
Replace 3735, 'y'
Replace 3736, 'e'
Replace 3737, 't'
Replace 3739, 'b'
Replace 3740, 'j'
Replace 3741, 'z'
Replace 3742, 'k'
Replace 3743, 'b'
Replace 3745, 'h'
Replace 3746, 't'
Replace 3747, 'v'
Replace 3749, 'r'
Replace 3751, 'e'
Replace 3757, 'r'
Replace 3758, 'g'
Replace 3759, 'd'
Replace 3761, 'n'
Replace 3762, 'v'
Replace 3763, 'p'
Replace 3765, 'e'
Replace 3768, 'r'
Replace 3770, 'q'
Replace 3771, 'x'
Replace 3772, 'm'
Replace 3773, 'z'
Replace 3774, 'u'
Replace 3775, 'g'
Replace 3777, 'c'
Replace 3778, 'd'
Replace 3779, 's'
Replace 3780, 'd'
Replace 3781, 'z'
Replace 3789, 'z'
Replace 3792, 'f'
Replace 3793, 'a'
Replace 3794, 'w'
Replace 3795, 'v'
Replace 3797, 'h'
Replace 3798, 'i'
Replace 3799, 'y'
Replace 3800, 'j'
Replace 3801, 't'
Replace 3802, 'z'
Replace 3804, 'o'
Replace 3805, 'e'
Replace 3806, 'l'
Replace 3807, 'f'
Replace 3809, 'j'
Replace 3810, 'h'
Replace 3811, 'o'
Replace 3813, 't'
Replace 3816, 'e'
Replace 3817, 's'
Replace 3819, 'c'
Replace 3821, 's'
Replace 3822, 'a'
Replace 3824, 'w'
Replace 3826, 'd'
Replace 3827, 'a'
Replace 3832, 'd'
Replace 3835, 'u'
Replace 3836, 'g'
Replace 3837, 'h'
Replace 3838, 'a'
Replace 3839, 'x'
Replace 3840, 'z'
Replace 3841, 'n'
Replace 3845, 'n'
Replace 3847, 'y'
Replace 3848, 'p'
Replace 3849, 's'
Replace 3850, 'l'
Replace 3851, 'l'
Replace 3852, 'd'
Replace 3854, 'o'
Replace 3856, 'j'
Replace 3857, 'z'
Replace 3858, 'f'
Replace 3859, 'x'
Replace 3860, 'z'
Replace 3862, 'i'
Replace 3863, 'a'
Replace 3864, 't'
Replace 3865, 'a'
Replace 3867, 'd'
Replace 3868, 's'
Replace 3870, 't'
Replace 3871, 'd'
Replace 3872, 't'
Replace 3873, 'u'
Replace 3884, 'o'
Replace 3885, 'r'
Replace 3886, 'y'
Replace 3889, 'd'
Replace 3890, 'q'
Replace 3893, 'g'
Replace 3896, 'n'
Replace 3898, 'f'
Replace 3900, 't'
Replace 3902, 'y'
Replace 3903, 'z'
Replace 3904, 'h'
Replace 3905, 'u'
Replace 3906, 'j'
Replace 3908, 'd'
Replace 3910, 'i'
Replace 3911, 'g'
Replace 3912, 'f'
Replace 3916, 'e'
Replace 3922, 's'
Replace 3923, 'g'
Replace 3924, 'g'
Replace 3925, 'd'
Replace 3926, 'r'
Replace 3927, 'k'
Replace 3928, 'v'
Replace 3930, 'b'
Replace 3933, 'm'
Replace 3938, 'h'
Replace 3939, 'l'
Replace 3940, 't'
Replace 3941, 'w'
Replace 3942, 'm'
Replace 3944, 'a'
Replace 3945, 'v'
Replace 3946, 'y'
Replace 3949, 'g'
Replace 3950, 'i'
Replace 3952, 'w'
Replace 3953, 'r'
Replace 3954, 'l'
Replace 3955, 'z'
Replace 3956, 'i'
Replace 3957, 't'
Replace 3958, 'x'
Replace 3959, 'r'
Replace 3962, 'v'
Replace 3963, 'x'
Replace 3964, 'a'
Replace 3965, 'x'
Replace 3966, 'y'
Replace 3968, 'n'
Replace 3969, 'u'
Replace 3972, 'i'
Replace 3973, 'g'
Replace 3974, 'r'
Replace 3975, 'y'
Replace 3976, 'y'
Replace 3977, 'r'
Replace 3978, 'e'
Replace 3981, 'b'
Replace 3982, 'r'
Replace 3983, 'h'
Replace 3984, 'x'
Replace 3985, 'k'
Replace 3986, 'r'
Replace 3987, 'q'
Replace 3989, 's'
Replace 3997, 'b'
Replace 3998, 'r'
Replace 3999, 't'
Replace 4004, 'u'
Replace 4005, 'y'
Replace 4006, 'r'
Replace 4008, 'c'
Replace 4009, 'j'
Replace 4010, 'o'
Replace 4011, 'l'
Replace 4012, 'f'
Replace 4013, 's'
Replace 4015, 'u'
Replace 4016, 'p'
Replace 4018, 'z'
Replace 4019, 'r'
Replace 4021, 'x'
Replace 4022, 'l'
Replace 4023, 'c'
Replace 4024, 'v'
Replace 4025, 'j'
Replace 4026, 'l'
Replace 4027, 'i'
Replace 4028, 'h'
Replace 4029, 'w'
Replace 4030, 'e'
Replace 4031, 'z'
Replace 4032, 'n'
Replace 4033, 'm'
Replace 4034, 'd'
Replace 4036, 'j'
Replace 4037, 'z'
Replace 4040, 'p'
Replace 4041, 'l'
Replace 4043, 'g'
Replace 4044, 'x'
Replace 4045, 'w'
Replace 4046, 'q'
Replace 4047, 'o'
Replace 4049, 'o'
Replace 4050, 'w'
Replace 4053, 'u'
Replace 4055, 'k'
Replace 4056, 'l'
Replace 4057, 'a'
Replace 4058, 'y'
Replace 4060, 'r'
Replace 4062, 'i'
Replace 4063, 'y'
Replace 4064, 'k'
Replace 4066, 'h'
Replace 4067, 'i'
Replace 4068, 'r'
Replace 4069, 'u'
Replace 4070, 'r'
Replace 4071, 'k'
Replace 4073, 'z'
Replace 4077, 's'
Replace 4078, 'f'
Replace 4079, 'y'
Replace 4082, 'j'
Replace 4083, 'm'
Replace 4085, 'v'
Replace 4086, 'w'
Replace 4089, 'j'
Replace 4093, 'u'
Replace 4095, 'r'
Replace 4096, 'q'
Replace 4098, 'o'
Replace 4100, 'w'
Replace 4101, 'l'
Replace 4102, 'x'
Replace 4104, 'k'
Replace 4106, 'p'
Replace 4107, 'x'
Replace 4108, 'i'
Replace 4110, 'z'
Replace 4111, 'w'
Replace 4113, 'f'
Replace 4115, 'e'
Replace 4116, 'm'
Replace 4117, 'w'
Replace 4118, 'c'
Replace 4119, 'q'
Replace 4120, 'a'
Replace 4122, 'y'
Replace 4123, 'k'
Replace 4124, 'l'
Replace 4126, 'y'
Replace 4129, 'v'
Replace 4130, 'o'
Replace 4131, 'd'
Replace 4133, 'y'
Replace 4135, 'e'
Replace 4138, 'p'
Replace 4139, 'r'
Replace 4141, 's'
Replace 4142, 'l'
Replace 4143, 'd'
Replace 4144, 'r'
Replace 4145, 'q'
Replace 4146, 'k'
Replace 4148, 'f'
Replace 4150, 'y'
Replace 4151, 'q'
Replace 4152, 'f'
Replace 4154, 'u'
Replace 4155, 'x'
Replace 4157, 'j'
Replace 4158, 'h'
Replace 4159, 'b'
Replace 4161, 'y'
Replace 4163, 'q'
Replace 4165, 'b'
Replace 4167, 'g'
Replace 4168, 'g'
Replace 4170, 'r'
Replace 4171, 'v'
Replace 4173, 'z'
Replace 4174, 's'
Replace 4176, 'm'
Replace 4178, 'e'
Replace 4179, 'w'
Replace 4181, 'a'
Replace 4183, 'r'
Replace 4185, 'n'
Replace 4186, 'a'
Replace 4187, 'j'
Replace 4189, 'm'
Replace 4190, 'z'
Replace 4193, 'b'
Replace 4197, 'v'
Replace 4199, 'a'
Replace 4202, 'z'
Replace 4203, 'd'
Replace 4204, 'n'
Replace 4205, 'c'
Replace 4206, 'h'
Replace 4207, 'z'
Replace 4208, 'a'
Replace 4211, 'x'
Replace 4212, 'y'
Replace 4213, 'f'
Replace 4215, 'm'
Replace 4216, 'n'
Replace 4217, 's'
Replace 4219, 'i'
Replace 4223, 'n'
Replace 4224, 'l'
Replace 4226, 'y'
Replace 4227, 'm'
Replace 4228, 'm'
Replace 4229, 'k'
Replace 4231, 't'
Replace 4232, 'w'
Replace 4233, 'y'
Replace 4234, 'o'
Replace 4236, 'c'
Replace 4238, 't'
Replace 4240, 'k'
Replace 4241, 'z'
Replace 4243, 'w'
Replace 4244, 'g'
Replace 4245, 'f'
Replace 4247, 'e'
Replace 4250, 'y'
Replace 4251, 'a'
Replace 4253, 'p'
Replace 4254, 'd'
Replace 4257, 'q'
Replace 4258, 'v'
Replace 4259, 'd'
Replace 4260, 'g'
Replace 4261, 'h'
Replace 4262, 'l'
Replace 4264, 'g'
Replace 4265, 'z'
Replace 4266, 'j'
Replace 4268, 'd'
Replace 4269, 'j'
Replace 4270, 'j'
Replace 4271, 'd'
Replace 4272, 'z'
Replace 4274, 'u'
Replace 4275, 'w'
Replace 4277, 'u'
Replace 4279, 's'
Replace 4280, 'k'
Replace 4281, 'z'
Replace 4282, 'y'
Replace 4284, 'j'
Replace 4288, 'w'
Replace 4289, 'v'
Replace 4290, 't'
Replace 4292, 'i'
Replace 4293, 'p'
Replace 4294, 'd'
Replace 4295, 'l'
Replace 4296, 'p'
Delete 4286
Insert 4274, 'w'
Delete 4256
Insert 4247, 'l'
Insert 4240, 'q'
Insert 4226, 'r'
Insert 4221, 'r'
Insert 4221, 'f'
Insert 4221, 'l'
Insert 4221, 'i'
Insert 4221, 'u'
Insert 4221, 'z'
Insert 4210, 'x'
Insert 4202, 'w'
Insert 4201, 'c'
Delete 4195
Delete 4192
Insert 4185, 'h'
Insert 4183, 'z'
Insert 4183, 'c'
Insert 4183, 'f'
Insert 4181, 'w'
Insert 4150, 'l'
Insert 4137, 'v'
Insert 4137, 'i'
Insert 4137, 'j'
Insert 4137, 'g'
Delete 4128
Insert 4106, 'b'
Insert 4098, 'f'
Insert 4098, 'r'
Delete 4091
Delete 4088
Insert 4081, 'k'
Delete 4075
Insert 4066, 's'
Insert 4062, 'w'
Insert 4052, 'p'
Delete 4039
Insert 4004, 'u'
Insert 4004, 'k'
Delete 4001
Delete 3995
Delete 3993
Delete 3991
Delete 3980
Delete 3971
Insert 3949, 'p'
Insert 3948, 'r'
Insert 3938, 'v'
Delete 3935
Insert 3932, 'a'
Insert 3932, 'o'
Delete 3920
Delete 3918
Delete 3915
Insert 3910, 'v'
Delete 3895
Delete 3892
Delete 3888
Delete 3881
Delete 3879
Delete 3877
Delete 3875
Insert 3856, 't'
Insert 3854, 'f'
Insert 3835, 'f'
Delete 3831
Insert 3829, 'h'
Insert 3829, 'c'
Insert 3829, 'g'
Insert 3829, 'z'
Insert 3826, 'x'
Insert 3826, 'x'
Insert 3826, 'q'
Insert 3816, 'g'
Insert 3815, 'n'
Insert 3813, 'm'
Insert 3813, 'v'
Insert 3813, 'p'
Insert 3813, 'v'
Insert 3804, 'u'
Insert 3804, 'w'
Insert 3804, 'b'
Insert 3797, 'c'
Insert 3791, 'p'
Insert 3791, 't'
Delete 3787
Delete 3785
Delete 3783
Insert 3770, 'u'
Insert 3770, 'd'
Insert 3770, 'w'
Insert 3768, 'j'
Insert 3761, 'p'
Insert 3753, 'v'
Insert 3739, 'o'
Insert 3733, 's'
Delete 3726
Delete 3720
Insert 3709, 'k'
Delete 3697
Delete 3695
Delete 3693
Insert 3689, 'r'
Insert 3675, 's'
Insert 3675, 's'
Insert 3673, 'a'
Delete 3649
Delete 3646
Insert 3641, 'i'
Insert 3641, 'p'
Insert 3641, 's'
Insert 3641, 's'
Insert 3641, 'p'
Insert 3641, 'd'
Insert 3625, 'y'
Delete 3614
Insert 3610, 'a'
Insert 3607, 'y'
Insert 3607, 'b'
Insert 3607, 'n'
Delete 3588
Insert 3572, 'd'
Insert 3572, 'k'
Insert 3570, 't'
Insert 3563, 'y'
Delete 3544
Delete 3542
Delete 3540
Delete 3538
Delete 3532
Delete 3530
Insert 3523, 'z'
Delete 3514
Delete 3513
Insert 3497, 'k'
Delete 3487
Delete 3486
Delete 3484
Delete 3482
Insert 3476, 't'
Delete 3458
Insert 3445, 'd'
Insert 3445, 'l'
Delete 3435
Delete 3425
Delete 3423
Delete 3421
Delete 3418
Delete 3416
Delete 3414
Delete 3406
Delete 3398
Delete 3396
Delete 3384
Delete 3382
Insert 3367, 'p'
Insert 3367, 'a'
Insert 3367, 'h'
Delete 3336
Delete 3333
Insert 3312, 't'
Insert 3308, 'r'
Insert 3308, 'c'
Delete 3304
Insert 3297, 'n'
Delete 3288
Insert 3278, 'x'
Insert 3275, 's'
Delete 3256
Delete 3251
Delete 3248
Delete 3247
Delete 3245
Delete 3239
Delete 3236
Delete 3234
Insert 3223, 's'
Delete 3212
Delete 3211
Insert 3189, 'h'
Insert 3173, 'n'
Insert 3173, 'q'
Insert 3165, 'l'
Insert 3165, 'm'
Insert 3165, 'b'
Insert 3157, 'x'
Insert 3153, 'r'
Insert 3153, 'r'
Insert 3146, 'z'
Insert 3146, 'u'
Insert 3146, 'c'
Delete 3141
Delete 3139
Insert 3132, 'k'
Insert 3132, 'i'
Delete 3126
Delete 3111
Delete 3094
Delete 3092
Insert 3068, 'c'
Insert 3046, 'f'
Delete 3034
Insert 3024, 'v'
Insert 3016, 'o'
Delete 3005
Delete 3001
Delete 3000
Delete 2998
Delete 2995
Delete 2989
Delete 2987
Insert 2981, 'z'
Delete 2965
Delete 2961
Delete 2959
Insert 2948, 'q'
Insert 2938, 'd'
Insert 2927, 'i'
Insert 2927, 'j'
Insert 2926, 'f'
Delete 2914
Insert 2904, 'j'
Insert 2904, 'e'
Insert 2903, 'y'
Insert 2901, 'e'
Insert 2896, 'm'
Insert 2896, 'n'
Delete 2891
Insert 2881, 'v'
Insert 2874, 'h'
Delete 2861
Delete 2859
Delete 2857
Delete 2850
Insert 2836, 'l'
Delete 2823
Delete 2821
Insert 2815, 'f'
Insert 2811, 'm'
Insert 2811, 'l'
Delete 2807
Delete 2804
Delete 2802
Delete 2800
Delete 2796
Insert 2789, 'u'
Insert 2789, 'c'
Insert 2781, 'p'
Insert 2779, 'q'
Insert 2779, 'j'
Insert 2779, 'b'
Insert 2777, 'l'
Delete 2765
Delete 2763
Delete 2759
Delete 2757
Delete 2755
Insert 2733, 'r'
Insert 2733, 'g'
Delete 2722
Delete 2720
Delete 2718
Delete 2716
Delete 2711
Delete 2707
Insert 2699, 'x'
Delete 2693
Delete 2691
Delete 2687
Delete 2685
Delete 2682
Delete 2675
Delete 2668
Delete 2663
Insert 2652, 'b'
Insert 2652, 'd'
Insert 2650, 'r'
Insert 2642, 'v'
Delete 2636
Insert 2629, 't'
Insert 2629, 'j'
Insert 2625, 'f'
Delete 2621
Delete 2615
Delete 2600
Delete 2598
Delete 2596
Delete 2594
Insert 2585, 'u'
Insert 2585, 'z'
Delete 2576
Insert 2569, 'q'
Insert 2566, 'p'
Insert 2566, 'r'
Insert 2557, 'c'
Insert 2554, 'p'
Insert 2554, 'n'
Insert 2552, 'z'
Insert 2552, 'u'
Delete 2547
Delete 2543
Delete 2538
Delete 2536
Insert 2522, 'a'
Insert 2515, 'a'
Insert 2515, 's'
Insert 2494, 'v'
Insert 2494, 'v'
Insert 2491, 'w'
Insert 2482, 'q'
Insert 2482, 'd'
Insert 2472, 'p'
Insert 2462, 'v'
Insert 2462, 'u'
Insert 2461, 'l'
Insert 2461, 'x'
Delete 2457
Insert 2449, 'b'
Insert 2449, 'c'
Insert 2449, 'l'
Insert 2447, 's'
Insert 2447, 'b'
Delete 2428
Delete 2390
Delete 2372
Delete 2360
Insert 2350, 'f'
Insert 2343, 'm'
Insert 2343, 'r'
Insert 2343, 'd'
Insert 2341, 'w'
Insert 2337, 'y'
Insert 2332, 'c'
Insert 2327, 'm'
Insert 2327, 'q'
Delete 2320
Insert 2309, 'n'
Insert 2309, 'w'
Insert 2307, 'f'
Delete 2297
Delete 2295
Insert 2285, 'q'
Delete 2266
Delete 2264
Delete 2262
Delete 2258
Delete 2245
Delete 2242
Insert 2225, 'y'
Insert 2219, 'n'
Insert 2217, 'x'
Insert 2205, 't'
Delete 2186
Delete 2178
Insert 2169, 't'
Insert 2169, 's'
Insert 2168, 'x'
Insert 2168, 'f'
Insert 2168, 'f'
Delete 2156
Delete 2117
Insert 2111, 'o'
Insert 2111, 'p'
Insert 2101, 'y'
Insert 2101, 'j'
Insert 2101, 'o'
Insert 2098, 'o'
Delete 2093
Delete 2091
Delete 2087
Delete 2075
Delete 2065
Delete 2057
Delete 2048
Delete 2046
Delete 2044
Delete 2041
Delete 2033
Delete 2010
Insert 1997, 't'
Insert 1997, 'm'
Insert 1995, 'f'
Insert 1995, 'u'
Delete 1985
Delete 1973
Delete 1970
Delete 1966
Delete 1955
Delete 1946
Delete 1944
Delete 1941
Delete 1937
Delete 1926
Delete 1923
Delete 1921
Delete 1914
Delete 1912
Delete 1910
Delete 1905
Insert 1885, 'c'
Delete 1856
Delete 1854
Delete 1844
Delete 1840
Delete 1835
Delete 1833
Delete 1831
Delete 1815
Insert 1810, 'z'
Insert 1774, 'z'
Insert 1774, 'x'
Delete 1769
Delete 1755
Insert 1746, 'w'
Delete 1741
Delete 1738
Delete 1736
Delete 1734
Delete 1728
Delete 1725
Delete 1718
Delete 1715
Insert 1708, 's'
Insert 1708, 'f'
Insert 1702, 'g'
Insert 1679, 'm'
Insert 1679, 'r'
Insert 1679, 'm'
Insert 1672, 'm'
Delete 1658
Delete 1656
Insert 1628, 'b'
Insert 1624, 'g'
Insert 1622, 'f'
Delete 1609
Insert 1598, 'g'
Insert 1595, 'y'
Insert 1595, 'h'
Delete 1585
Delete 1583
Delete 1576
Delete 1571
Insert 1562, 'h'
Insert 1562, 'f'
Insert 1562, 'q'
Delete 1542
Insert 1519, 'f'
Insert 1519, 'u'
Insert 1509, 's'
Insert 1509, 'a'
Insert 1509, 'w'
Delete 1504
Delete 1501
Delete 1485
Delete 1483
Delete 1481
Delete 1479
Delete 1475
Delete 1465
Delete 1457
Insert 1452, 'z'
Delete 1445
Delete 1440
Delete 1434
Insert 1420, 's'
Insert 1398, 'w'
Insert 1395, 't'
Insert 1389, 'x'
Insert 1389, 'c'
Insert 1387, 'x'
Insert 1378, 't'
Delete 1372
Delete 1367
Insert 1358, 'u'
Insert 1358, 'w'
Insert 1355, 's'
Delete 1337
Delete 1335
Delete 1331
Delete 1329
Delete 1327
Delete 1321
Delete 1317
Delete 1312
Insert 1300, 'p'
Insert 1285, 'x'
Insert 1273, 'z'
Delete 1269
Insert 1251, 'u'
Insert 1250, 'l'
Delete 1234
Insert 1227, 'i'
Insert 1227, 'l'
Insert 1212, 'z'
Insert 1206, 's'
Delete 1199
Delete 1195
Insert 1184, 'a'
Insert 1179, 'x'
Insert 1177, 'g'
Delete 1171
Delete 1166
Delete 1164
Delete 1161
Insert 1156, 'm'
Insert 1156, 'j'
Insert 1156, 'l'
Delete 1151
Delete 1149
Delete 1147
Delete 1145
Delete 1143
Delete 1138
Delete 1136
Delete 1134
Delete 1123
Delete 1121
Insert 1106, 'e'
Insert 1102, 's'
Insert 1077, 'k'
Delete 1073
Delete 1067
Delete 1062
Delete 1060
Delete 1045
Delete 1042
Delete 1040
Delete 1027
Delete 1025
Delete 1020
Delete 1018
Delete 1014
Insert 1011, 'c'
Delete 1005
Delete 1003
Insert 994, 'f'
Delete 988
Delete 986
Delete 984
Insert 972, 'i'
Delete 953
Delete 951
Delete 948
Delete 946
Insert 926, 'j'
Insert 919, 'u'
Insert 919, 'a'
Insert 899, 'o'
Delete 873
Insert 865, 'v'
Insert 865, 'u'
Insert 863, 'g'
Insert 863, 'c'
Delete 836
Insert 830, 'l'
Insert 830, 'd'
Insert 830, 'v'
Insert 829, 'l'
Insert 829, 'c'
Insert 821, 'i'
Insert 816, 'l'
Insert 813, 'u'
Insert 811, 'y'
Insert 811, 'g'
Insert 811, 'c'
Insert 809, 'h'
Insert 792, 'q'
Insert 788, 'i'
Insert 788, 'u'
Insert 784, 'd'
Insert 779, 'w'
Delete 766
Delete 756
Delete 748
Delete 744
Delete 738
Delete 721
Insert 714, 't'
Insert 710, 'y'
Insert 702, 'z'
Insert 696, 'z'
Insert 693, 'm'
Insert 689, 'j'
Insert 689, 'z'
Insert 689, 'z'
Insert 689, 'z'
Insert 689, 'r'
Delete 681
Delete 671
Delete 669
Delete 666
Delete 663
Insert 654, 'u'
Delete 640
Delete 637
Delete 634
Delete 633
Delete 630
Delete 628
Delete 625
Delete 622
Delete 617
Delete 616
Delete 614
Delete 584
Delete 572
Delete 569
Delete 566
Delete 564
Delete 558
Delete 549
Delete 547
Delete 545
Insert 533, 'd'
Insert 533, 'n'
Insert 533, 'j'
Delete 528
Delete 517
Delete 503
Delete 498
Delete 494
Delete 467
Delete 465
Delete 419
Delete 418
Delete 417
Delete 415
Insert 410, 'o'
Delete 397
Delete 395
Delete 393
Delete 391
Delete 383
Insert 376, 'z'
Insert 366, 'k'
Insert 362, 'p'
Insert 356, 'u'
Delete 353
Delete 350
Delete 344
Insert 337, 'd'
Insert 328, 'f'
Delete 317
Delete 315
Delete 310
Delete 309
Delete 307
Delete 305
Delete 293
Insert 280, 'g'
Delete 276
Delete 270
Insert 264, 'm'
Delete 254
Insert 244, 'y'
Insert 244, 'c'
Insert 236, 'p'
Insert 236, 't'
Insert 236, 'h'
Insert 236, 'm'
Insert 232, 'i'
Insert 232, 'w'
Delete 228
Insert 215, 'b'
Insert 208, 'd'
Insert 208, 'v'
Insert 208, 'x'
Insert 196, 'v'
Delete 190
Delete 185
Insert 163, 'g'
Insert 147, 'b'
Insert 147, 'n'
Insert 147, 'o'
Insert 143, 'h'
Insert 143, 'g'
Insert 143, 'x'
Delete 139
Delete 136
Insert 130, 'c'
Insert 128, 'u'
Insert 123, 'p'
Insert 123, 'f'
Insert 121, 'n'
Insert 105, 't'
Insert 98, 'o'
Insert 98, 'p'
Insert 86, 'k'
Insert 86, 'o'
Insert 83, 'u'
Insert 81, 'b'
Insert 81, 'm'
Insert 81, 'd'
Insert 81, 'z'
Insert 81, 'w'
Insert 71, 'o'
Insert 66, 'j'
Insert 64, 'g'
Insert 64, 'l'
Insert 45, 'b'
Delete 38
Insert 32, 's'
Delete 15
Delete 12
Delete 8
Insert 0, 'e'
