Replace 0, 'h'
Replace 3, 'a'
Replace 6, 'd'
Replace 7, 'f'
Replace 8, 'y'
Replace 9, 'r'
Replace 10, 'v'
Replace 13, 'b'
Replace 14, 'x'
Replace 15, 'k'
Replace 16, 'n'
Replace 17, 'd'
Replace 18, 'x'
Replace 20, 'f'
Replace 21, 'z'
Replace 22, 's'
Replace 23, 't'
Replace 25, 'j'
Replace 28, 'r'
Replace 29, 'p'
Replace 30, 'g'
Replace 31, 'f'
Replace 32, 'r'
Replace 33, 'n'
Replace 34, 'v'
Replace 35, 's'
Replace 36, 'c'
Replace 37, 'y'
Replace 38, 'q'
Replace 39, 'z'
Replace 40, 'e'
Replace 41, 'i'
Replace 42, 'e'
Replace 44, 'm'
Replace 47, 'k'
Replace 48, 'a'
Replace 49, 'v'
Replace 51, 'r'
Replace 52, 'n'
Replace 55, 'f'
Replace 56, 't'
Replace 57, 's'
Replace 58, 'y'
Replace 63, 'a'
Replace 64, 'o'
Replace 65, 'x'
Replace 66, 'b'
Replace 68, 'o'
Replace 71, 'v'
Replace 75, 'g'
Replace 79, 'o'
Replace 80, 'y'
Replace 83, 'j'
Replace 84, 'r'
Replace 85, 'p'
Replace 87, 'v'
Replace 88, 'y'
Replace 90, 'n'
Replace 92, 'p'
Replace 93, 'z'
Replace 94, 'x'
Replace 99, 'o'
Replace 101, 'l'
Replace 102, 'h'
Replace 104, 's'
Replace 105, 'b'
Replace 106, 'c'
Replace 107, 'k'
Replace 109, 'k'
Replace 111, 'x'
Replace 118, 's'
Replace 120, 'n'
Replace 121, 'f'
Replace 122, 'u'
Replace 123, 'z'
Replace 125, 'z'
Replace 126, 'a'
Replace 127, 'm'
Replace 130, 'o'
Replace 132, 'k'
Replace 133, 'p'
Replace 134, 't'
Replace 137, 'e'
Replace 138, 'o'
Replace 139, 'f'
Replace 140, 'u'
Replace 142, 'c'
Replace 143, 'l'
Replace 144, 'i'
Replace 145, 'e'
Replace 147, 'o'
Replace 148, 'i'
Replace 151, 'v'
Replace 153, 'm'
Replace 154, 's'
Replace 155, 'l'
Replace 156, 'n'
Replace 157, 'v'
Replace 158, 'u'
Replace 161, 'v'
Replace 163, 'l'
Replace 164, 't'
Replace 165, 'k'
Replace 167, 'c'
Replace 168, 'l'
Replace 169, 'r'
Replace 171, 'e'
Replace 172, 'j'
Replace 173, 'd'
Replace 174, 'z'
Replace 175, 'o'
Replace 179, 'w'
Replace 180, 's'
Replace 181, 'j'
Replace 182, 'd'
Replace 183, 'c'
Replace 184, 'v'
Replace 185, 'h'
Replace 187, 'c'
Replace 188, 's'
Replace 189, 'l'
Replace 190, 'y'
Replace 192, 'g'
Replace 194, 'u'
Replace 195, 'x'
Replace 196, 'm'
Replace 197, 'o'
Replace 202, 's'
Replace 203, 'p'
Replace 204, 'h'
Replace 205, 'm'
Replace 212, 'o'
Replace 214, 'g'
Replace 218, 'n'
Replace 219, 'z'
Replace 220, 'e'
Replace 222, 'u'
Replace 224, 'z'
Replace 225, 'h'
Replace 226, 'j'
Replace 227, 'k'
Replace 228, 'g'
Replace 229, 'e'
Replace 230, 'g'
Replace 231, 'k'
Replace 232, 'q'
Replace 233, 'j'
Replace 234, 'n'
Replace 237, 'e'
Replace 238, 'q'
Replace 239, 'i'
Replace 240, 'p'
Replace 243, 'z'
Replace 245, 'a'
Replace 247, 'j'
Replace 248, 'h'
Replace 249, 'e'
Replace 250, 'b'
Replace 252, 'm'
Replace 256, 'z'
Replace 257, 'b'
Replace 259, 'w'
Replace 260, 'd'
Replace 261, 'u'
Replace 262, 'f'
Replace 263, 'k'
Replace 264, 's'
Replace 265, 'r'
Replace 266, 'r'
Replace 268, 'k'
Replace 272, 'z'
Replace 273, 'e'
Replace 274, 'h'
Replace 276, 'r'
Replace 280, 'i'
Replace 281, 'p'
Replace 283, 'o'
Replace 284, 'e'
Replace 285, 'd'
Replace 286, 'd'
Replace 287, 's'
Replace 292, 'm'
Replace 296, 'q'
Replace 299, 'p'
Replace 300, 'p'
Replace 304, 'u'
Replace 305, 'c'
Replace 307, 'a'
Replace 308, 'u'
Replace 309, 'm'
Replace 310, 'e'
Replace 311, 't'
Replace 313, 'e'
Replace 315, 'p'
Replace 317, 'n'
Replace 318, 'm'
Replace 320, 'p'
Replace 321, 'e'
Replace 322, 't'
Replace 326, 'o'
Replace 330, 'x'
Replace 334, 'w'
Replace 335, 'y'
Replace 337, 'r'
Replace 340, 'h'
Replace 342, 'p'
Replace 343, 'w'
Replace 344, 'y'
Replace 345, 'h'
Replace 346, 'q'
Replace 348, 'b'
Replace 351, 'v'
Replace 352, 'n'
Replace 353, 'l'
Replace 354, 'z'
Replace 355, 'p'
Replace 357, 'o'
Replace 358, 'v'
Replace 359, 'i'
Replace 362, 'z'
Replace 363, 's'
Replace 365, 'u'
Replace 366, 'v'
Replace 368, 'b'
Replace 370, 'z'
Replace 371, 'z'
Replace 373, 'o'
Replace 374, 'k'
Replace 375, 'i'
Replace 376, 't'
Replace 377, 'e'
Replace 378, 'a'
Replace 379, 'm'
Replace 380, 'g'
Replace 381, 'n'
Replace 382, 'u'
Replace 385, 'p'
Replace 387, 'w'
Replace 389, 'm'
Replace 391, 'x'
Replace 393, 's'
Replace 395, 'h'
Replace 397, 'q'
Replace 398, 'z'
Replace 399, 'd'
Replace 403, 'c'
Replace 404, 't'
Replace 406, 'x'
Replace 407, 'g'
Replace 408, 's'
Replace 411, 'z'
Replace 412, 'r'
Replace 413, 'c'
Replace 414, 'v'
Replace 416, 'f'
Replace 420, 'o'
Replace 423, 'z'
Replace 424, 'u'
Replace 425, 'l'
Replace 426, 'f'
Replace 428, 'm'
Replace 429, 'y'
Replace 430, 'z'
Replace 431, 'c'
Replace 433, 'i'
Replace 434, 'i'
Replace 435, 'k'
Replace 437, 'x'
Replace 439, 'f'
Replace 440, 'b'
Replace 442, 'e'
Replace 443, 'u'
Replace 444, 'h'
Replace 445, 'i'
Replace 447, 't'
Replace 449, 'r'
Replace 452, 'c'
Replace 455, 'b'
Replace 456, 'v'
Replace 458, 'c'
Replace 459, 'k'
Replace 462, 'c'
Replace 463, 'c'
Replace 464, 't'
Replace 465, 'g'
Replace 466, 'u'
Replace 468, 'j'
Replace 471, 't'
Replace 472, 'h'
Replace 473, 'r'
Replace 476, 'e'
Replace 477, 'w'
Replace 478, 'j'
Replace 479, 'j'
Replace 480, 'd'
Replace 481, 'g'
Replace 483, 'z'
Replace 486, 'u'
Replace 487, 'w'
Replace 488, 'i'
Replace 489, 'u'
Replace 491, 'i'
Replace 493, 'i'
Replace 494, 'f'
Replace 495, 'u'
Replace 498, 'v'
Replace 499, 'o'
Replace 501, 'q'
Replace 502, 'u'
Replace 503, 'h'
Replace 504, 'o'
Replace 505, 'n'
Replace 506, 'a'
Replace 508, 'm'
Replace 509, 'c'
Replace 512, 'f'
Replace 513, 'k'
Replace 514, 's'
Replace 519, 'b'
Replace 520, 'r'
Replace 521, 'a'
Replace 522, 'a'
Replace 527, 'r'
Replace 528, 'k'
Replace 529, 'z'
Replace 530, 'u'
Replace 531, 'z'
Replace 532, 'o'
Replace 534, 'u'
Replace 536, 'h'
Replace 538, 'z'
Replace 539, 'f'
Replace 540, 'z'
Replace 542, 'f'
Replace 543, 'q'
Replace 549, 'z'
Replace 550, 'k'
Replace 551, 'b'
Replace 552, 'm'
Replace 555, 'w'
Replace 556, 't'
Replace 558, 'd'
Replace 559, 'j'
Replace 561, 'p'
Replace 562, 'j'
Replace 563, 'r'
Replace 564, 's'
Replace 565, 'i'
Replace 567, 't'
Replace 568, 'p'
Replace 571, 'l'
Replace 572, 'f'
Replace 573, 'l'
Replace 574, 'i'
Replace 575, 'r'
Replace 576, 'y'
Replace 577, 'e'
Replace 578, 'n'
Replace 583, 'e'
Replace 589, 'n'
Replace 593, 'g'
Replace 594, 'u'
Replace 595, 'm'
Replace 596, 'h'
Replace 598, 'e'
Replace 599, 'k'
Replace 600, 'l'
Replace 601, 't'
Replace 602, 'w'
Replace 603, 's'
Replace 605, 'f'
Replace 610, 'q'
Replace 612, 'f'
Replace 613, 'w'
Replace 614, 'e'
Replace 615, 'f'
Replace 617, 'y'
Replace 619, 'm'
Replace 621, 'c'
Replace 622, 's'
Replace 623, 'k'
Replace 624, 'g'
Replace 627, 'k'
Replace 630, 'c'
Replace 633, 'm'
Replace 634, 'm'
Replace 637, 'q'
Replace 642, 'r'
Replace 643, 'n'
Replace 644, 'y'
Replace 646, 'q'
Replace 647, 'q'
Replace 648, 'y'
Replace 650, 'y'
Replace 656, 'k'
Replace 657, 'k'
Replace 658, 'z'
Replace 663, 'f'
Replace 665, 'b'
Replace 666, 's'
Replace 667, 'k'
Replace 668, 'g'
Replace 669, 'm'
Replace 670, 'v'
Replace 678, 's'
Replace 680, 't'
Replace 684, 's'
Replace 686, 'h'
Replace 688, 'z'
Replace 690, 'x'
Replace 692, 'm'
Replace 693, 'n'
Replace 694, 's'
Replace 695, 'z'
Replace 696, 'a'
Replace 698, 'k'
Replace 699, 'g'
Replace 701, 'c'
Replace 703, 'r'
Replace 705, 'b'
Replace 707, 't'
Replace 708, 'd'
Replace 711, 'g'
Replace 712, 'k'
Replace 714, 'f'
Replace 717, 'w'
Replace 718, 'q'
Replace 719, 'k'
Replace 721, 'w'
Replace 722, 'j'
Replace 723, 'z'
Replace 725, 'e'
Replace 727, 'g'
Replace 729, 'p'
Replace 730, 'x'
Replace 732, 'v'
Replace 733, 'u'
Replace 737, 'k'
Replace 739, 'v'
Replace 741, 'l'
Replace 742, 's'
Replace 743, 'd'
Replace 747, 'r'
Replace 748, 'c'
Replace 749, 'f'
Replace 750, 'z'
Replace 752, 'x'
Replace 753, 'p'
Replace 754, 'j'
Replace 756, 'j'
Replace 757, 'w'
Replace 758, 'q'
Replace 759, 'q'
Replace 760, 'i'
Replace 761, 'v'
Replace 762, 'x'
Replace 763, 'v'
Replace 764, 'z'
Replace 766, 'i'
Replace 767, 'g'
Replace 768, 'u'
Replace 769, 'l'
Replace 770, 'j'
Replace 772, 'h'
Replace 774, 'j'
Replace 775, 'c'
Replace 776, 't'
Replace 778, 'k'
Replace 779, 'f'
Replace 780, 'r'
Replace 782, 'j'
Replace 784, 'j'
Replace 785, 'h'
Replace 786, 's'
Replace 788, 'c'
Replace 789, 'y'
Replace 790, 'e'
Replace 791, 'm'
Replace 795, 'b'
Replace 796, 't'
Replace 798, 'x'
Replace 799, 'c'
Replace 800, 'w'
Replace 801, 's'
Replace 803, 'e'
Replace 804, 'e'
Replace 805, 'h'
Replace 806, 'r'
Replace 807, 'f'
Replace 808, 't'
Replace 809, 'j'
Replace 810, 'j'
Replace 811, 'o'
Replace 812, 'o'
Replace 813, 's'
Replace 814, 'l'
Replace 815, 'j'
Replace 816, 'h'
Replace 817, 'n'
Replace 821, 'h'
Replace 822, 'i'
Replace 824, 'o'
Replace 825, 'i'
Replace 827, 'p'
Replace 828, 't'
Replace 829, 'd'
Replace 830, 'a'
Replace 832, 'h'
Replace 834, 'e'
Replace 835, 'm'
Replace 836, 'p'
Replace 837, 'g'
Replace 839, 'z'
Replace 842, 'h'
Replace 843, 'u'
Replace 844, 'n'
Replace 847, 'g'
Replace 848, 'f'
Replace 849, 'k'
Replace 850, 's'
Replace 851, 't'
Replace 853, 'a'
Replace 856, 'a'
Replace 857, 'e'
Replace 858, 'l'
Replace 859, 'r'
Replace 860, 'h'
Replace 862, 'c'
Replace 863, 'y'
Replace 865, 'f'
Replace 866, 'v'
Replace 867, 'f'
Replace 868, 'y'
Replace 869, 'e'
Replace 870, 'f'
Replace 871, 'u'
Replace 872, 'v'
Replace 874, 'c'
Replace 876, 'u'
Replace 881, 'g'
Replace 882, 'p'
Replace 883, 'o'
Replace 884, 'y'
Replace 885, 'o'
Replace 887, 'q'
Replace 888, 'b'
Replace 891, 'f'
Replace 892, 'm'
Replace 894, 'u'
Replace 895, 'g'
Replace 897, 'c'
Replace 899, 'd'
Replace 900, 'm'
Replace 902, 'n'
Replace 905, 'a'
Replace 909, 'k'
Replace 910, 'j'
Replace 912, 'a'
Replace 913, 'l'
Replace 914, 'g'
Replace 916, 'z'
Replace 917, 'k'
Replace 918, 'z'
Replace 919, 'a'
Replace 920, 'e'
Replace 921, 'j'
Replace 922, 'm'
Replace 923, 'n'
Replace 925, 'r'
Replace 926, 'k'
Replace 927, 'y'
Replace 928, 'z'
Replace 929, 'i'
Replace 930, 'r'
Replace 931, 'n'
Replace 932, 'w'
Replace 933, 'x'
Replace 936, 'r'
Replace 937, 'u'
Replace 939, 'f'
Replace 940, 'l'
Replace 941, 's'
Replace 942, 'r'
Replace 943, 'w'
Replace 944, 't'
Replace 947, 'v'
Replace 948, 'n'
Replace 949, 'h'
Replace 950, 'm'
Replace 952, 'o'
Replace 953, 'a'
Replace 955, 'd'
Replace 958, 'c'
Replace 960, 'u'
Replace 961, 'c'
Replace 962, 'd'
Replace 966, 'y'
Replace 968, 's'
Replace 969, 't'
Replace 972, 'o'
Replace 973, 'y'
Replace 974, 'b'
Replace 975, 't'
Replace 976, 'n'
Replace 977, 'j'
Replace 981, 'g'
Replace 983, 'm'
Replace 984, 'b'
Replace 985, 'c'
Replace 986, 'v'
Replace 987, 'c'
Replace 988, 'q'
Replace 989, 'h'
Replace 990, 'y'
Replace 992, 'z'
Replace 993, 'r'
Replace 994, 'b'
Replace 995, 'g'
Replace 996, 'm'
Replace 998, 'r'
Replace 999, 'c'
Replace 1000, 'o'
Replace 1001, 't'
Replace 1003, 'x'
Replace 1005, 'n'
Replace 1007, 'f'
Replace 1011, 'm'
Replace 1012, 'm'
Replace 1015, 'w'
Replace 1023, 'h'
Replace 1024, 'b'
Replace 1025, 'j'
Replace 1028, 's'
Replace 1029, 'q'
Replace 1030, 'g'
Replace 1031, 'p'
Replace 1033, 'e'
Replace 1034, 'o'
Replace 1038, 'l'
Replace 1039, 'f'
Replace 1041, 'c'
Replace 1043, 's'
Replace 1045, 'c'
Replace 1047, 'v'
Replace 1048, 'h'
Replace 1049, 's'
Replace 1050, 'p'
Replace 1053, 'i'
Replace 1056, 'x'
Replace 1058, 'j'
Replace 1060, 'p'
Replace 1062, 'f'
Replace 1063, 'k'
Replace 1066, 'e'
Replace 1067, 'j'
Replace 1068, 'y'
Replace 1069, 't'
Replace 1070, 'u'
Replace 1071, 'p'
Replace 1073, 'o'
Replace 1074, 'j'
Replace 1075, 'n'
Replace 1076, 'm'
Replace 1082, 't'
Replace 1083, 'm'
Replace 1085, 's'
Replace 1087, 'g'
Replace 1088, 'f'
Replace 1090, 'n'
Replace 1091, 'w'
Replace 1092, 'u'
Replace 1093, 'o'
Replace 1094, 'i'
Replace 1096, 's'
Replace 1097, 'h'
Replace 1098, 's'
Replace 1099, 'k'
Replace 1100, 'm'
Replace 1102, 's'
Replace 1105, 'n'
Replace 1106, 'n'
Replace 1107, 'f'
Replace 1109, 'w'
Replace 1110, 'b'
Replace 1113, 'b'
Replace 1117, 'q'
Replace 1121, 'v'
Replace 1122, 'u'
Replace 1123, 'f'
Replace 1125, 'w'
Replace 1126, 't'
Replace 1128, 'z'
Replace 1129, 'j'
Replace 1134, 't'
Replace 1137, 'j'
Replace 1138, 'w'
Replace 1139, 'g'
Replace 1142, 'y'
Replace 1143, 'o'
Replace 1146, 'y'
Replace 1147, 'l'
Replace 1149, 'j'
Replace 1150, 'h'
Replace 1151, 'k'
Replace 1152, 'v'
Replace 1153, 'x'
Replace 1154, 'h'
Replace 1155, 'i'
Replace 1156, 'j'
Replace 1159, 'a'
Replace 1162, 't'
Replace 1163, 'w'
Replace 1164, 'l'
Replace 1168, 'o'
Replace 1169, 'b'
Replace 1170, 'j'
Replace 1171, 'w'
Replace 1174, 'y'
Replace 1175, 'j'
Replace 1177, 'h'
Replace 1178, 'm'
Replace 1179, 'j'
Replace 1180, 'v'
Replace 1182, 'l'
Replace 1183, 'z'
Replace 1187, 'u'
Replace 1188, 'j'
Replace 1189, 'x'
Replace 1190, 'v'
Replace 1191, 'f'
Replace 1192, 'c'
Replace 1194, 'w'
Replace 1195, 'a'
Replace 1199, 'o'
Replace 1203, 'k'
Replace 1204, 'c'
Replace 1205, 'v'
Replace 1206, 'h'
Replace 1207, 'f'
Replace 1208, 'e'
Replace 1209, 'i'
Replace 1210, 'm'
Replace 1212, 'v'
Replace 1213, 'g'
Replace 1215, 's'
Replace 1218, 'm'
Replace 1221, 'b'
Replace 1228, 'n'
Replace 1229, 'a'
Replace 1230, 'k'
Replace 1231, 'z'
Replace 1233, 't'
Replace 1235, 'f'
Replace 1236, 'e'
Replace 1239, 'k'
Replace 1242, 'j'
Replace 1248, 'v'
Replace 1249, 'm'
Replace 1250, 'e'
Replace 1253, 'f'
Replace 1255, 'k'
Replace 1257, 'f'
Replace 1260, 's'
Replace 1261, 'y'
Replace 1262, 'l'
Replace 1263, 'f'
Replace 1264, 'j'
Replace 1265, 'e'
Replace 1266, 'y'
Replace 1268, 'o'
Replace 1269, 'a'
Replace 1270, 'p'
Replace 1271, 'm'
Replace 1273, 'w'
Replace 1274, 'g'
Replace 1275, 'n'
Replace 1278, 'q'
Replace 1279, 'a'
Replace 1281, 'g'
Replace 1283, 'l'
Replace 1285, 'd'
Replace 1287, 'h'
Replace 1288, 'l'
Replace 1289, 'v'
Replace 1290, 'e'
Replace 1291, 'f'
Replace 1293, 'v'
Replace 1294, 'e'
Replace 1295, 'i'
Replace 1296, 't'
Replace 1300, 'r'
Replace 1307, 'w'
Replace 1308, 'a'
Replace 1309, 'o'
Replace 1310, 'v'
Replace 1311, 'b'
Replace 1312, 'j'
Replace 1315, 'n'
Replace 1316, 'k'
Replace 1318, 'j'
Replace 1319, 'q'
Replace 1323, 'k'
Replace 1324, 'c'
Replace 1326, 'z'
Replace 1327, 'y'
Replace 1329, 'w'
Replace 1330, 'v'
Replace 1331, 'y'
Replace 1332, 'h'
Replace 1333, 'm'
Replace 1334, 't'
Replace 1335, 'o'
Replace 1336, 'p'
Replace 1337, 'b'
Replace 1339, 'y'
Replace 1340, 'd'
Replace 1341, 'w'
Replace 1342, 'o'
Replace 1345, 'i'
Replace 1346, 'x'
Replace 1347, 'a'
Replace 1348, 'y'
Replace 1349, 'k'
Replace 1350, 'n'
Replace 1351, 't'
Replace 1352, 'x'
Replace 1353, 'u'
Replace 1355, 'r'
Replace 1357, 's'
Replace 1358, 'g'
Replace 1359, 'q'
Replace 1362, 'c'
Replace 1363, 'g'
Replace 1366, 'q'
Replace 1367, 'o'
Replace 1369, 'r'
Replace 1370, 'j'
Replace 1371, 'v'
Replace 1372, 'y'
Replace 1373, 'a'
Replace 1374, 'k'
Replace 1375, 'j'
Replace 1376, 'y'
Replace 1377, 'r'
Replace 1378, 'u'
Replace 1380, 'n'
Replace 1381, 'q'
Replace 1382, 'w'
Replace 1383, 'n'
Replace 1384, 'h'
Replace 1385, 'd'
Replace 1387, 'k'
Replace 1389, 'l'
Replace 1390, 'p'
Replace 1393, 'm'
Replace 1394, 's'
Replace 1395, 'z'
Replace 1397, 'v'
Replace 1398, 'k'
Replace 1399, 'a'
Replace 1400, 'w'
Replace 1401, 'a'
Replace 1402, 'z'
Replace 1403, 'c'
Replace 1404, 'd'
Replace 1405, 'y'
Replace 1407, 'c'
Replace 1408, 'b'
Replace 1409, 't'
Replace 1412, 'x'
Replace 1413, 'x'
Replace 1414, 'j'
Replace 1415, 't'
Replace 1416, 't'
Replace 1418, 'h'
Replace 1419, 'z'
Replace 1420, 'y'
Replace 1421, 'g'
Replace 1422, 'k'
Replace 1423, 'c'
Replace 1425, 'e'
Replace 1429, 'd'
Replace 1430, 'p'
Replace 1433, 'i'
Replace 1434, 'y'
Replace 1435, 'b'
Replace 1437, 'r'
Replace 1438, 'g'
Replace 1439, 'p'
Replace 1440, 'j'
Replace 1444, 'z'
Replace 1446, 'v'
Replace 1447, 'd'
Replace 1448, 'b'
Replace 1449, 'u'
Replace 1450, 'k'
Replace 1452, 'm'
Replace 1453, 'z'
Replace 1454, 't'
Replace 1455, 'o'
Replace 1456, 'i'
Replace 1460, 'o'
Replace 1461, 'v'
Replace 1463, 'f'
Replace 1464, 's'
Replace 1465, 's'
Replace 1466, 'i'
Replace 1467, 'm'
Replace 1468, 'u'
Replace 1470, 'c'
Replace 1471, 'f'
Replace 1477, 'o'
Replace 1479, 'e'
Replace 1480, 'a'
Replace 1481, 'k'
Replace 1483, 'c'
Replace 1484, 'u'
Replace 1485, 'm'
Replace 1486, 'r'
Replace 1487, 'p'
Replace 1488, 'q'
Replace 1489, 'x'
Replace 1490, 'y'
Replace 1492, 'x'
Replace 1493, 'w'
Replace 1494, 'b'
Replace 1495, 't'
Replace 1496, 'n'
Replace 1497, 'i'
Replace 1498, 'y'
Replace 1499, 'g'
Replace 1500, 'x'
Replace 1502, 'p'
Replace 1503, 'e'
Replace 1504, 'r'
Replace 1505, 'x'
Replace 1506, 'y'
Replace 1507, 'v'
Replace 1508, 'y'
Replace 1509, 't'
Replace 1511, 'c'
Replace 1512, 'y'
Replace 1513, 'f'
Replace 1514, 'a'
Replace 1515, 'j'
Replace 1516, 'y'
Replace 1520, 'z'
Replace 1521, 'i'
Replace 1522, 't'
Replace 1525, 't'
Replace 1526, 'o'
Replace 1527, 't'
Replace 1528, 'n'
Replace 1530, 'y'
Replace 1531, 'q'
Replace 1532, 'w'
Replace 1533, 'k'
Replace 1534, 'g'
Replace 1535, 'p'
Replace 1537, 'e'
Replace 1538, 'f'
Replace 1539, 't'
Replace 1541, 'w'
Replace 1543, 's'
Replace 1544, 'n'
Replace 1547, 'k'
Replace 1548, 'c'
Replace 1549, 'f'
Replace 1551, 's'
Replace 1552, 'f'
Replace 1554, 'v'
Replace 1555, 'm'
Replace 1556, 'o'
Replace 1558, 'z'
Replace 1561, 'n'
Replace 1562, 'h'
Replace 1563, 'x'
Replace 1564, 'y'
Replace 1566, 'q'
Replace 1567, 'u'
Replace 1568, 'a'
Replace 1569, 'k'
Replace 1574, 't'
Replace 1575, 'o'
Replace 1576, 'x'
Replace 1577, 'j'
Replace 1578, 'e'
Replace 1579, 'p'
Replace 1580, 'e'
Replace 1581, 'w'
Replace 1584, 'p'
Replace 1590, 'g'
Replace 1592, 'e'
Replace 1593, 'u'
Replace 1594, 'e'
Replace 1596, 'm'
Replace 1597, 'n'
Replace 1598, 'c'
Replace 1599, 'b'
Replace 1600, 'q'
Replace 1602, 's'
Replace 1603, 'l'
Replace 1604, 'q'
Replace 1612, 'g'
Replace 1613, 'f'
Replace 1614, 's'
Replace 1615, 'k'
Replace 1616, 'l'
Replace 1617, 'd'
Replace 1618, 'b'
Replace 1619, 'q'
Replace 1621, 'v'
Replace 1622, 'w'
Replace 1623, 'b'
Replace 1624, 'z'
Replace 1625, 'r'
Replace 1627, 'g'
Replace 1628, 't'
Replace 1629, 'g'
Replace 1631, 'z'
Replace 1633, 'g'
Replace 1634, 'z'
Replace 1636, 'f'
Replace 1638, 'y'
Replace 1641, 'j'
Replace 1643, 'a'
Replace 1644, 'b'
Replace 1645, 'x'
Replace 1646, 'a'
Replace 1650, 'j'
Replace 1653, 'a'
Replace 1654, 'z'
Replace 1659, 'h'
Replace 1661, 'l'
Replace 1663, 'v'
Replace 1666, 'g'
Replace 1668, 'i'
Replace 1670, 'd'
Replace 1672, 'f'
Replace 1675, 't'
Replace 1677, 'q'
Replace 1679, 'y'
Replace 1683, 'e'
Replace 1690, 'k'
Replace 1692, 'e'
Replace 1693, 'a'
Replace 1695, 'x'
Replace 1697, 'q'
Replace 1699, 'j'
Replace 1700, 'n'
Replace 1701, 'c'
Replace 1704, 'u'
Replace 1705, 'd'
Replace 1707, 'c'
Replace 1708, 'w'
Replace 1711, 'x'
Replace 1713, 'm'
Replace 1717, 'c'
Replace 1718, 'b'
Replace 1722, 'q'
Replace 1725, 'n'
Replace 1729, 'j'
Replace 1731, 'j'
Replace 1732, 'i'
Replace 1733, 'g'
Replace 1734, 'i'
Replace 1735, 'l'
Replace 1737, 'x'
Replace 1739, 'l'
Replace 1740, 'd'
Replace 1741, 'e'
Replace 1742, 'e'
Replace 1743, 'l'
Replace 1745, 'v'
Replace 1746, 't'
Replace 1748, 'y'
Replace 1749, 't'
Replace 1750, 'l'
Replace 1753, 'q'
Replace 1754, 'z'
Replace 1757, 'n'
Replace 1758, 'y'
Replace 1759, 'r'
Replace 1762, 'm'
Replace 1763, 'y'
Replace 1764, 'j'
Replace 1765, 'x'
Replace 1766, 's'
Replace 1768, 'f'
Replace 1771, 'w'
Replace 1772, 'g'
Replace 1776, 'q'
Replace 1778, 'c'
Replace 1783, 'i'
Replace 1784, 'y'
Replace 1785, 'k'
Replace 1786, 'o'
Replace 1787, 'l'
Replace 1788, 'z'
Replace 1789, 'm'
Replace 1790, 'z'
Replace 1793, 'p'
Replace 1797, 'd'
Replace 1798, 'l'
Replace 1799, 'h'
Replace 1801, 'i'
Replace 1802, 's'
Replace 1803, 'a'
Replace 1804, 'n'
Replace 1806, 'r'
Replace 1807, 'm'
Replace 1808, 'o'
Replace 1809, 'p'
Replace 1811, 't'
Replace 1812, 'l'
Replace 1814, 's'
Replace 1818, 'b'
Replace 1820, 'x'
Replace 1821, 'l'
Replace 1822, 'v'
Replace 1823, 'd'
Replace 1824, 'e'
Replace 1825, 'k'
Replace 1827, 'a'
Replace 1828, 'y'
Replace 1830, 'e'
Replace 1831, 'p'
Replace 1832, 'v'
Replace 1833, 'b'
Replace 1836, 'g'
Replace 1842, 'b'
Replace 1843, 'y'
Replace 1844, 'b'
Replace 1845, 'x'
Replace 1846, 'i'
Replace 1847, 'p'
Replace 1848, 'w'
Replace 1849, 'i'
Replace 1850, 'i'
Replace 1853, 'p'
Replace 1856, 'w'
Replace 1857, 'a'
Replace 1858, 'j'
Replace 1861, 'q'
Replace 1862, 'p'
Replace 1865, 'u'
Replace 1869, 'm'
Replace 1870, 'g'
Replace 1871, 'p'
Replace 1872, 'l'
Replace 1877, 'a'
Replace 1878, 'i'
Replace 1881, 'l'
Replace 1882, 's'
Replace 1883, 'l'
Replace 1885, 'h'
Replace 1887, 'j'
Replace 1888, 'r'
Replace 1891, 'm'
Replace 1892, 'h'
Replace 1894, 'h'
Replace 1895, 'c'
Replace 1896, 't'
Replace 1897, 'f'
Replace 1900, 'y'
Replace 1902, 'p'
Replace 1903, 'y'
Replace 1905, 't'
Replace 1906, 'b'
Replace 1917, 'e'
Replace 1918, 'h'
Replace 1922, 's'
Replace 1924, 'z'
Replace 1925, 'e'
Replace 1927, 'q'
Replace 1928, 'x'
Replace 1930, 'r'
Replace 1934, 'e'
Replace 1936, 'a'
Replace 1937, 'q'
Replace 1938, 'q'
Replace 1939, 'b'
Replace 1941, 'c'
Replace 1942, 'j'
Replace 1944, 'b'
Replace 1945, 'l'
Replace 1949, 's'
Replace 1950, 'n'
Replace 1951, 'l'
Replace 1952, 'z'
Replace 1953, 'i'
Replace 1956, 'z'
Replace 1960, 'w'
Replace 1961, 'r'
Replace 1962, 'x'
Replace 1964, 't'
Replace 1965, 'z'
Replace 1966, 'd'
Replace 1967, 'p'
Replace 1969, 'u'
Replace 1971, 'k'
Replace 1972, 'z'
Replace 1973, 'w'
Replace 1975, 'd'
Replace 1979, 'b'
Replace 1983, 'p'
Replace 1986, 'y'
Replace 1988, 'r'
Replace 1989, 'v'
Replace 1990, 't'
Replace 1991, 'f'
Replace 1992, 'v'
Replace 1994, 'k'
Replace 1995, 'm'
Replace 1996, 'u'
Replace 1997, 'r'
Replace 2000, 'a'
Replace 2002, 't'
Replace 2003, 'u'
Replace 2004, 'c'
Replace 2005, 'n'
Replace 2006, 'v'
Replace 2007, 'm'
Replace 2008, 't'
Replace 2009, 'r'
Replace 2010, 's'
Replace 2011, 'c'
Replace 2012, 'g'
Replace 2014, 'l'
Replace 2015, 'x'
Replace 2016, 'b'
Replace 2017, 'g'
Replace 2018, 'y'
Replace 2019, 'u'
Replace 2022, 'c'
Replace 2023, 'f'
Replace 2024, 'a'
Replace 2028, 'h'
Replace 2029, 'x'
Replace 2031, 'r'
Replace 2032, 'x'
Replace 2035, 'z'
Replace 2036, 'm'
Replace 2037, 'r'
Replace 2040, 'i'
Replace 2046, 'i'
Replace 2047, 'j'
Replace 2048, 'a'
Replace 2049, 'f'
Replace 2051, 'f'
Replace 2052, 'm'
Replace 2053, 'm'
Replace 2054, 'p'
Replace 2055, 'r'
Replace 2056, 'u'
Replace 2059, 'l'
Replace 2060, 's'
Replace 2061, 'i'
Replace 2062, 'z'
Replace 2063, 's'
Replace 2065, 'e'
Replace 2072, 'w'
Replace 2073, 'x'
Replace 2074, 'b'
Replace 2075, 'l'
Replace 2077, 'r'
Replace 2084, 'm'
Replace 2086, 'n'
Replace 2087, 'y'
Replace 2088, 't'
Replace 2089, 'j'
Replace 2091, 'x'
Replace 2092, 's'
Replace 2095, 'o'
Replace 2097, 'y'
Replace 2099, 'u'
Replace 2103, 'y'
Replace 2104, 'c'
Replace 2105, 'j'
Replace 2106, 'z'
Replace 2107, 'o'
Replace 2108, 's'
Replace 2109, 'l'
Replace 2110, 'j'
Replace 2113, 'b'
Replace 2117, 'p'
Replace 2119, 'w'
Replace 2120, 'a'
Replace 2121, 'g'
Replace 2122, 's'
Replace 2123, 'q'
Replace 2124, 'z'
Replace 2125, 's'
Replace 2126, 'l'
Replace 2127, 'g'
Replace 2129, 'n'
Replace 2130, 'o'
Replace 2131, 'x'
Replace 2132, 'n'
Replace 2133, 'a'
Replace 2135, 'z'
Replace 2137, 'h'
Replace 2138, 'u'
Replace 2139, 'a'
Replace 2141, 'q'
Replace 2143, 'v'
Replace 2144, 'o'
Replace 2145, 'n'
Replace 2146, 'q'
Replace 2150, 'd'
Replace 2151, 'v'
Replace 2154, 'f'
Replace 2156, 's'
Replace 2158, 't'
Replace 2160, 'z'
Replace 2161, 'o'
Replace 2162, 'd'
Replace 2165, 's'
Replace 2166, 'b'
Replace 2167, 'u'
Replace 2168, 'o'
Replace 2169, 'q'
Replace 2171, 'k'
Replace 2172, 't'
Replace 2174, 'g'
Replace 2175, 'j'
Replace 2176, 'w'
Replace 2177, 'w'
Replace 2178, 'z'
Replace 2179, 'b'
Replace 2181, 's'
Replace 2182, 'h'
Replace 2184, 'e'
Replace 2186, 'g'
Replace 2188, 'e'
Replace 2190, 'u'
Replace 2191, 'm'
Replace 2193, 'o'
Replace 2194, 'r'
Replace 2195, 'c'
Replace 2196, 't'
Replace 2197, 'm'
Replace 2198, 'j'
Replace 2201, 'x'
Replace 2202, 's'
Replace 2203, 's'
Replace 2204, 'f'
Replace 2206, 'y'
Replace 2207, 'y'
Replace 2210, 'h'
Replace 2213, 'j'
Replace 2214, 'o'
Replace 2218, 'h'
Replace 2219, 'p'
Replace 2223, 's'
Replace 2226, 'i'
Replace 2227, 'r'
Replace 2228, 'g'
Replace 2229, 'u'
Replace 2231, 'm'
Replace 2232, 'c'
Replace 2234, 'r'
Replace 2237, 'f'
Replace 2238, 'b'
Replace 2239, 'p'
Replace 2242, 'r'
Replace 2243, 'w'
Replace 2244, 'u'
Replace 2245, 'y'
Replace 2247, 'r'
Replace 2249, 'q'
Replace 2250, 'j'
Replace 2251, 'h'
Replace 2254, 'f'
Replace 2258, 'v'
Replace 2259, 'd'
Replace 2260, 'o'
Replace 2261, 'x'
Replace 2262, 'g'
Replace 2263, 'l'
Replace 2268, 'y'
Replace 2269, 'c'
Replace 2270, 'r'
Replace 2271, 'g'
Replace 2273, 'l'
Replace 2275, 'u'
Replace 2276, 'k'
Replace 2277, 'o'
Replace 2278, 'e'
Replace 2279, 'j'
Replace 2280, 'i'
Replace 2285, 'w'
Replace 2287, 'q'
Replace 2289, 'l'
Replace 2291, 'r'
Replace 2294, 'z'
Replace 2295, 't'
Replace 2296, 'x'
Replace 2297, 'h'
Replace 2298, 'l'
Replace 2302, 'g'
Replace 2307, 'q'
Replace 2308, 'o'
Replace 2310, 'z'
Replace 2313, 'd'
Replace 2314, 'e'
Replace 2316, 's'
Replace 2317, 'b'
Replace 2320, 'f'
Replace 2321, 'y'
Replace 2323, 'x'
Replace 2327, 'l'
Replace 2332, 'b'
Replace 2333, 'p'
Replace 2334, 'b'
Replace 2335, 'c'
Replace 2336, 'l'
Replace 2337, 'l'
Replace 2338, 'y'
Replace 2340, 'y'
Replace 2341, 'g'
Replace 2342, 'v'
Replace 2343, 'g'
Replace 2344, 'r'
Replace 2346, 'a'
Replace 2347, 'm'
Replace 2348, 'm'
Replace 2349, 'y'
Replace 2353, 'g'
Replace 2354, 'i'
Replace 2356, 'p'
Replace 2357, 'x'
Replace 2359, 't'
Replace 2361, 'p'
Replace 2362, 'm'
Replace 2366, 'w'
Replace 2367, 'v'
Replace 2368, 't'
Replace 2372, 'g'
Replace 2373, 'i'
Replace 2374, 'f'
Replace 2375, 'k'
Replace 2376, 'h'
Replace 2377, 'k'
Replace 2378, 'r'
Replace 2379, 'w'
Replace 2380, 't'
Replace 2381, 'm'
Replace 2384, 'c'
Replace 2385, 'k'
Replace 2386, 'u'
Replace 2387, 'v'
Replace 2389, 'q'
Replace 2391, 's'
Replace 2394, 'q'
Replace 2395, 'k'
Replace 2400, 'c'
Replace 2402, 'a'
Replace 2405, 'd'
Replace 2408, 'x'
Replace 2409, 'x'
Replace 2410, 'm'
Replace 2412, 'h'
Replace 2413, 'd'
Replace 2414, 't'
Replace 2415, 's'
Replace 2418, 't'
Replace 2419, 'n'
Replace 2424, 'c'
Replace 2426, 'm'
Replace 2427, 'h'
Replace 2430, 'i'
Replace 2433, 'j'
Replace 2436, 'u'
Replace 2437, 'c'
Replace 2439, 'a'
Replace 2440, 'z'
Replace 2441, 'm'
Replace 2443, 'j'
Replace 2444, 'v'
Replace 2445, 'p'
Replace 2447, 'w'
Replace 2449, 'j'
Replace 2450, 'h'
Replace 2452, 'u'
Replace 2454, 'e'
Replace 2458, 'p'
Replace 2459, 'b'
Replace 2460, 'y'
Replace 2461, 'h'
Replace 2462, 't'
Replace 2466, 'w'
Replace 2470, 'j'
Replace 2471, 'r'
Replace 2472, 'h'
Replace 2473, 'q'
Replace 2474, 'r'
Replace 2475, 'e'
Replace 2476, 'z'
Replace 2478, 'o'
Replace 2479, 'm'
Replace 2480, 'b'
Replace 2482, 'a'
Replace 2483, 'r'
Replace 2484, 'b'
Replace 2485, 'd'
Replace 2487, 'o'
Replace 2488, 'x'
Replace 2490, 'u'
Replace 2491, 'z'
Replace 2492, 'o'
Replace 2494, 'u'
Replace 2495, 'x'
Replace 2496, 'h'
Replace 2497, 'i'
Replace 2498, 'u'
Replace 2499, 'x'
Replace 2500, 'o'
Replace 2502, 'r'
Replace 2507, 'i'
Replace 2508, 'o'
Replace 2509, 'i'
Replace 2512, 'z'
Replace 2514, 'm'
Replace 2515, 'i'
Replace 2516, 'w'
Replace 2521, 't'
Replace 2522, 'g'
Replace 2523, 'y'
Replace 2524, 'f'
Replace 2525, 'y'
Replace 2526, 'l'
Replace 2527, 'w'
Replace 2528, 'r'
Replace 2529, 'q'
Replace 2531, 'u'
Replace 2532, 'x'
Replace 2535, 'f'
Replace 2547, 'b'
Replace 2548, 'u'
Replace 2549, 'e'
Replace 2550, 'a'
Replace 2551, 'p'
Replace 2559, 'a'
Replace 2560, 'p'
Replace 2562, 'j'
Replace 2564, 'g'
Replace 2569, 'p'
Replace 2573, 'r'
Replace 2574, 'v'
Replace 2575, 'v'
Replace 2576, 'f'
Replace 2577, 'y'
Replace 2578, 'b'
Replace 2580, 'd'
Replace 2581, 'z'
Replace 2582, 'w'
Replace 2583, 'u'
Replace 2587, 'q'
Replace 2588, 'y'
Replace 2590, 'c'
Replace 2593, 'o'
Replace 2594, 'b'
Replace 2595, 'd'
Replace 2597, 'u'
Replace 2598, 'r'
Replace 2601, 'z'
Replace 2602, 'r'
Replace 2603, 'm'
Replace 2604, 'w'
Replace 2605, 'o'
Replace 2606, 'k'
Replace 2607, 'i'
Replace 2610, 'g'
Replace 2614, 'k'
Replace 2615, 't'
Replace 2616, 'z'
Replace 2621, 'b'
Replace 2623, 'y'
Replace 2624, 'y'
Replace 2626, 'v'
Replace 2627, 'l'
Replace 2628, 'h'
Replace 2629, 'i'
Replace 2631, 'z'
Replace 2632, 'd'
Replace 2633, 'q'
Replace 2634, 'r'
Replace 2635, 'u'
Replace 2637, 'w'
Replace 2638, 'c'
Replace 2639, 'z'
Replace 2640, 'o'
Replace 2642, 'v'
Replace 2644, 'b'
Replace 2646, 'p'
Replace 2647, 'f'
Replace 2648, 'g'
Replace 2649, 'j'
Replace 2652, 'n'
Replace 2654, 's'
Replace 2656, 'd'
Replace 2658, 'r'
Replace 2659, 'q'
Replace 2661, 'v'
Replace 2662, 'p'
Replace 2663, 'a'
Replace 2664, 'z'
Replace 2665, 'j'
Replace 2666, 'q'
Replace 2670, 'z'
Replace 2675, 'n'
Replace 2676, 'o'
Replace 2678, 'p'
Replace 2680, 'x'
Replace 2681, 'v'
Replace 2682, 'w'
Replace 2684, 'h'
Replace 2688, 'q'
Replace 2689, 'f'
Replace 2694, 'e'
Replace 2695, 'l'
Replace 2696, 'j'
Replace 2699, 'e'
Replace 2700, 'b'
Replace 2701, 's'
Replace 2703, 'z'
Replace 2707, 'k'
Replace 2709, 'o'
Replace 2710, 'g'
Replace 2711, 'u'
Replace 2712, 's'
Replace 2714, 'z'
Replace 2715, 'w'
Replace 2716, 'u'
Replace 2718, 'u'
Replace 2720, 'i'
Replace 2721, 'o'
Replace 2726, 'l'
Replace 2727, 'w'
Replace 2728, 'c'
Replace 2729, 't'
Replace 2732, 'x'
Replace 2734, 'm'
Replace 2736, 'a'
Replace 2737, 'l'
Replace 2738, 'w'
Replace 2739, 'j'
Replace 2741, 'o'
Replace 2742, 't'
Replace 2747, 'b'
Replace 2751, 'e'
Replace 2752, 'w'
Replace 2753, 's'
Replace 2754, 'e'
Replace 2755, 'i'
Replace 2759, 'g'
Replace 2762, 'i'
Replace 2764, 'i'
Replace 2768, 'q'
Replace 2770, 'v'
Replace 2772, 't'
Replace 2773, 'r'
Replace 2774, 'x'
Replace 2775, 'f'
Replace 2776, 'l'
Replace 2777, 'w'
Replace 2778, 'b'
Replace 2779, 'a'
Replace 2786, 'a'
Replace 2787, 'f'
Replace 2788, 'j'
Replace 2789, 'b'
Replace 2791, 'x'
Replace 2792, 'r'
Replace 2793, 't'
Replace 2794, 'q'
Replace 2795, 'a'
Replace 2796, 'k'
Replace 2798, 'c'
Replace 2800, 'c'
Replace 2802, 'n'
Replace 2804, 'd'
Replace 2807, 'e'
Replace 2810, 'b'
Replace 2814, 'n'
Replace 2815, 'h'
Replace 2816, 'c'
Replace 2817, 'm'
Replace 2818, 'y'
Replace 2819, 'q'
Replace 2820, 'a'
Replace 2822, 'h'
Replace 2826, 'a'
Replace 2827, 'g'
Replace 2829, 'j'
Replace 2830, 's'
Replace 2831, 'o'
Replace 2832, 'g'
Replace 2835, 'j'
Replace 2836, 'n'
Replace 2841, 'c'
Replace 2842, 'c'
Replace 2843, 't'
Replace 2844, 'h'
Replace 2845, 'a'
Replace 2846, 'n'
Replace 2848, 'x'
Replace 2850, 'k'
Replace 2851, 'w'
Replace 2852, 'h'
Replace 2853, 't'
Replace 2854, 'u'
Replace 2855, 'g'
Replace 2856, 'g'
Replace 2857, 'x'
Replace 2858, 'm'
Replace 2859, 'i'
Replace 2861, 't'
Replace 2863, 'a'
Replace 2866, 'b'
Replace 2868, 'm'
Replace 2872, 'k'
Replace 2873, 'z'
Replace 2874, 'j'
Replace 2876, 'h'
Replace 2880, 'm'
Replace 2881, 'a'
Replace 2883, 'h'
Replace 2884, 'o'
Replace 2890, 'i'
Replace 2891, 'p'
Replace 2892, 'e'
Replace 2893, 'a'
Replace 2894, 'x'
Replace 2897, 'k'
Replace 2902, 'v'
Replace 2903, 'w'
Replace 2904, 'z'
Replace 2906, 'd'
Replace 2907, 'q'
Replace 2909, 't'
Replace 2910, 'c'
Replace 2915, 'm'
Replace 2916, 'k'
Replace 2917, 's'
Replace 2918, 'p'
Replace 2919, 'o'
Replace 2921, 'x'
Replace 2922, 'f'
Replace 2924, 'h'
Replace 2928, 'r'
Replace 2929, 't'
Replace 2931, 's'
Replace 2932, 'e'
Replace 2933, 'y'
Replace 2934, 'x'
Replace 2936, 'k'
Replace 2940, 's'
Replace 2942, 'g'
Replace 2943, 'v'
Replace 2944, 'f'
Replace 2946, 'z'
Replace 2951, 'v'
Replace 2952, 's'
Replace 2953, 'o'
Replace 2954, 't'
Replace 2955, 'z'
Replace 2956, 'c'
Replace 2957, 'q'
Replace 2958, 'h'
Replace 2960, 'a'
Replace 2961, 'y'
Replace 2963, 'w'
Replace 2965, 'm'
Replace 2966, 'l'
Replace 2970, 'm'
Replace 2972, 'x'
Replace 2974, 'o'
Replace 2975, 'f'
Replace 2976, 'f'
Replace 2979, 'y'
Replace 2981, 'j'
Replace 2982, 'h'
Replace 2983, 'q'
Replace 2984, 'u'
Replace 2985, 'd'
Replace 2986, 't'
Replace 2987, 'a'
Replace 2989, 'z'
Replace 2990, 't'
Replace 2991, 'j'
Replace 2993, 'm'
Replace 2997, 'c'
Replace 2998, 'i'
Replace 2999, 'b'
Replace 3000, 'k'
Replace 3003, 'e'
Replace 3004, 'i'
Replace 3006, 'n'
Replace 3007, 'j'
Replace 3008, 'p'
Replace 3011, 'b'
Replace 3012, 'h'
Replace 3013, 'm'
Replace 3014, 'y'
Replace 3015, 'c'
Replace 3016, 'a'
Replace 3018, 't'
Replace 3019, 'd'
Replace 3021, 'o'
Replace 3022, 't'
Replace 3023, 'f'
Replace 3027, 'l'
Replace 3028, 'b'
Replace 3029, 'p'
Replace 3030, 'h'
Replace 3036, 'c'
Replace 3039, 'z'
Replace 3041, 'h'
Replace 3042, 'b'
Replace 3043, 'r'
Replace 3046, 'h'
Replace 3048, 'n'
Replace 3049, 'y'
Replace 3050, 'p'
Replace 3051, 'n'
Replace 3053, 'w'
Replace 3054, 'p'
Replace 3055, 'y'
Replace 3056, 'w'
Replace 3058, 'u'
Replace 3059, 'b'
Replace 3060, 'c'
Replace 3061, 'm'
Replace 3065, 'h'
Replace 3066, 'o'
Replace 3067, 'm'
Replace 3069, 'k'
Replace 3070, 'x'
Replace 3071, 'm'
Replace 3072, 'e'
Replace 3073, 'w'
Replace 3074, 'j'
Replace 3075, 'o'
Replace 3076, 'q'
Replace 3077, 'k'
Replace 3078, 'm'
Replace 3080, 'o'
Replace 3084, 'p'
Replace 3090, 'y'
Replace 3093, 'w'
Replace 3094, 'o'
Replace 3095, 't'
Replace 3097, 'z'
Replace 3101, 'k'
Replace 3103, 'e'
Replace 3106, 'n'
Replace 3107, 'r'
Replace 3108, 's'
Replace 3109, 'y'
Replace 3110, 'n'
Replace 3112, 'i'
Replace 3113, 'l'
Replace 3114, 'n'
Replace 3115, 's'
Replace 3118, 'm'
Replace 3119, 'a'
Replace 3120, 'h'
Replace 3121, 'd'
Replace 3122, 'v'
Replace 3124, 'k'
Replace 3125, 'e'
Replace 3126, 'i'
Replace 3128, 'm'
Replace 3131, 'i'
Replace 3132, 'z'
Replace 3133, 'u'
Replace 3134, 'x'
Replace 3135, 'd'
Replace 3137, 'z'
Replace 3139, 'e'
Replace 3140, 'v'
Replace 3141, 'w'
Replace 3142, 'v'
Replace 3145, 'v'
Replace 3146, 'l'
Replace 3147, 'a'
Replace 3148, 'u'
Replace 3149, 'm'
Replace 3150, 'r'
Replace 3152, 'd'
Replace 3155, 'f'
Replace 3158, 'g'
Replace 3159, 'e'
Replace 3160, 'a'
Replace 3161, 's'
Replace 3162, 'j'
Replace 3163, 'x'
Replace 3164, 'k'
Replace 3166, 'l'
Replace 3168, 'q'
Replace 3170, 'e'
Replace 3172, 'l'
Replace 3173, 'h'
Replace 3174, 'b'
Replace 3176, 'd'
Replace 3180, 'v'
Replace 3182, 'z'
Replace 3183, 'm'
Replace 3185, 'o'
Replace 3186, 'h'
Replace 3187, 's'
Replace 3190, 'a'
Replace 3192, 't'
Replace 3193, 'a'
Replace 3194, 'r'
Replace 3200, 'a'
Replace 3201, 'z'
Replace 3203, 'y'
Replace 3205, 'm'
Replace 3207, 'a'
Replace 3210, 'p'
Replace 3211, 'v'
Replace 3216, 'n'
Replace 3217, 'q'
Replace 3219, 'o'
Replace 3221, 'i'
Replace 3222, 'u'
Replace 3223, 'c'
Replace 3226, 'd'
Replace 3228, 'a'
Replace 3229, 'e'
Replace 3230, 'v'
Replace 3232, 'i'
Replace 3233, 'o'
Replace 3235, 'l'
Replace 3236, 'w'
Replace 3237, 'o'
Replace 3238, 'm'
Replace 3239, 'i'
Replace 3241, 'n'
Replace 3242, 's'
Replace 3243, 'r'
Replace 3244, 'c'
Replace 3245, 'l'
Replace 3246, 'z'
Replace 3248, 'v'
Replace 3249, 'p'
Replace 3250, 'q'
Replace 3252, 'm'
Replace 3253, 'h'
Replace 3255, 'e'
Replace 3256, 'h'
Replace 3260, 'u'
Replace 3261, 'x'
Replace 3263, 'h'
Replace 3266, 'l'
Replace 3268, 'l'
Replace 3269, 'q'
Replace 3270, 'z'
Replace 3271, 'g'
Replace 3273, 'g'
Replace 3277, 'q'
Replace 3278, 'b'
Replace 3279, 'p'
Replace 3280, 'n'
Replace 3286, 'p'
Replace 3293, 'h'
Replace 3294, 'j'
Replace 3295, 'z'
Replace 3296, 'u'
Replace 3297, 'b'
Replace 3298, 'l'
Replace 3299, 'i'
Replace 3300, 'w'
Replace 3302, 'c'
Replace 3303, 'j'
Replace 3304, 'b'
Replace 3305, 'z'
Replace 3306, 'm'
Replace 3307, 'o'
Replace 3310, 'h'
Replace 3311, 'q'
Replace 3312, 'l'
Replace 3313, 'l'
Replace 3314, 'f'
Replace 3316, 'i'
Replace 3317, 'j'
Replace 3318, 'w'
Replace 3319, 'f'
Replace 3321, 'c'
Replace 3322, 'w'
Replace 3323, 'd'
Replace 3324, 'u'
Replace 3325, 't'
Replace 3326, 'y'
Replace 3327, 'h'
Replace 3329, 'k'
Replace 3330, 'y'
Replace 3332, 'o'
Replace 3333, 'u'
Replace 3335, 'q'
Replace 3336, 't'
Replace 3337, 't'
Replace 3338, 'h'
Replace 3339, 'h'
Replace 3340, 'j'
Replace 3342, 'm'
Replace 3345, 'e'
Replace 3346, 'k'
Replace 3347, 'n'
Replace 3349, 'c'
Replace 3350, 'p'
Replace 3351, 'c'
Replace 3354, 'd'
Replace 3355, 'l'
Replace 3356, 'r'
Replace 3357, 'q'
Replace 3358, 'h'
Replace 3360, 'b'
Replace 3363, 'p'
Replace 3364, 'z'
Replace 3365, 't'
Replace 3369, 'l'
Replace 3372, 'q'
Replace 3373, 's'
Replace 3374, 'i'
Replace 3379, 'l'
Replace 3380, 'l'
Replace 3381, 'k'
Replace 3384, 'q'
Replace 3386, 'h'
Replace 3387, 'g'
Replace 3389, 'g'
Replace 3390, 'y'
Replace 3394, 'd'
Replace 3395, 'm'
Replace 3396, 'd'
Replace 3397, 'j'
Replace 3399, 't'
Replace 3400, 'r'
Replace 3401, 'x'
Replace 3402, 'w'
Replace 3403, 'r'
Replace 3404, 'n'
Replace 3406, 'k'
Replace 3409, 'u'
Replace 3413, 'f'
Replace 3414, 'v'
Replace 3415, 'k'
Replace 3416, 'b'
Replace 3417, 'i'
Replace 3418, 'z'
Replace 3428, 'e'
Replace 3429, 'h'
Replace 3430, 'r'
Replace 3431, 'b'
Replace 3432, 'y'
Replace 3433, 'h'
Replace 3438, 'q'
Replace 3439, 'k'
Replace 3440, 'w'
Replace 3441, 'r'
Replace 3443, 'l'
Replace 3446, 'd'
Replace 3447, 'i'
Replace 3450, 'e'
Replace 3452, 'u'
Replace 3453, 'n'
Replace 3454, 'x'
Replace 3455, 'i'
Replace 3456, 'r'
Replace 3457, 'k'
Replace 3460, 'p'
Replace 3461, 'w'
Replace 3462, 'i'
Replace 3463, 'x'
Replace 3464, 'i'
Replace 3466, 'q'
Replace 3467, 'r'
Replace 3470, 'q'
Replace 3473, 'k'
Replace 3476, 'o'
Replace 3477, 'u'
Replace 3478, 'g'
Replace 3479, 'i'
Replace 3480, 'j'
Replace 3482, 'q'
Replace 3483, 'h'
Replace 3484, 'j'
Replace 3486, 'k'
Replace 3489, 'p'
Replace 3490, 'x'
Replace 3491, 'g'
Replace 3493, 'p'
Replace 3494, 'e'
Replace 3495, 'c'
Replace 3496, 'k'
Replace 3497, 'i'
Replace 3498, 'q'
Replace 3499, 'f'
Replace 3501, 'a'
Replace 3502, 'k'
Replace 3503, 'm'
Replace 3504, 'd'
Replace 3505, 'u'
Replace 3506, 'p'
Replace 3508, 'v'
Replace 3515, 'r'
Replace 3517, 'c'
Replace 3518, 's'
Replace 3520, 'c'
Replace 3521, 'c'
Replace 3522, 'g'
Replace 3525, 'h'
Replace 3526, 'p'
Replace 3527, 'j'
Replace 3528, 'i'
Replace 3529, 's'
Replace 3531, 'i'
Replace 3532, 'd'
Replace 3533, 'w'
Replace 3534, 'i'
Replace 3535, 'y'
Replace 3536, 'e'
Replace 3537, 'i'
Replace 3538, 'l'
Replace 3539, 'm'
Replace 3541, 'g'
Replace 3542, 'v'
Replace 3543, 'l'
Replace 3544, 'q'
Replace 3546, 'z'
Replace 3547, 'a'
Replace 3549, 's'
Replace 3550, 'b'
Replace 3553, 'i'
Replace 3555, 'm'
Replace 3558, 'h'
Replace 3559, 'l'
Replace 3560, 'n'
Replace 3562, 'h'
Replace 3563, 'l'
Replace 3565, 'p'
Replace 3568, 'o'
Replace 3569, 'e'
Replace 3570, 'q'
Replace 3571, 'p'
Replace 3573, 'm'
Replace 3575, 'x'
Replace 3576, 'k'
Replace 3578, 'o'
Replace 3579, 'x'
Replace 3580, 'i'
Replace 3586, 'm'
Replace 3587, 'f'
Replace 3588, 'c'
Replace 3589, 'f'
Replace 3590, 'y'
Replace 3591, 'u'
Replace 3592, 'e'
Replace 3593, 'p'
Replace 3594, 'w'
Replace 3595, 'k'
Replace 3598, 't'
Replace 3600, 'z'
Replace 3601, 'l'
Replace 3603, 'w'
Replace 3609, 'b'
Replace 3610, 'y'
Replace 3612, 'p'
Replace 3613, 'h'
Replace 3615, 'u'
Replace 3616, 'u'
Replace 3617, 'o'
Replace 3619, 'z'
Replace 3620, 'j'
Replace 3622, 'j'
Replace 3624, 'v'
Replace 3625, 'l'
Replace 3627, 'f'
Replace 3628, 'v'
Replace 3629, 'p'
Replace 3630, 'e'
Replace 3633, 'f'
Replace 3634, 'y'
Replace 3636, 'm'
Replace 3638, 'b'
Replace 3639, 'w'
Replace 3643, 'k'
Replace 3644, 'u'
Replace 3645, 'c'
Replace 3646, 'n'
Replace 3648, 'h'
Replace 3649, 'o'
Replace 3650, 'f'
Replace 3651, 's'
Replace 3652, 'l'
Replace 3653, 'e'
Replace 3657, 't'
Replace 3659, 'l'
Replace 3660, 'v'
Replace 3661, 'x'
Replace 3662, 'n'
Replace 3663, 'k'
Replace 3664, 'z'
Replace 3666, 'x'
Replace 3667, 'p'
Replace 3668, 'm'
Replace 3669, 'z'
Replace 3672, 'u'
Replace 3673, 'h'
Replace 3674, 'j'
Replace 3675, 'e'
Replace 3676, 's'
Replace 3677, 's'
Replace 3678, 'e'
Replace 3679, 'd'
Replace 3680, 'p'
Replace 3684, 'i'
Replace 3689, 'j'
Replace 3690, 'd'
Replace 3691, 'k'
Replace 3692, 'g'
Replace 3693, 'l'
Replace 3694, 's'
Replace 3695, 'o'
Replace 3696, 'j'
Replace 3697, 'd'
Replace 3698, 'k'
Replace 3699, 'a'
Replace 3700, 'o'
Replace 3701, 'j'
Replace 3702, 'g'
Replace 3703, 't'
Replace 3706, 'i'
Replace 3708, 'w'
Replace 3711, 'm'
Replace 3712, 'd'
Replace 3713, 'h'
Replace 3714, 'w'
Replace 3715, 'q'
Replace 3718, 'o'
Replace 3720, 'v'
Replace 3721, 'z'
Replace 3722, 'c'
Replace 3723, 'i'
Replace 3724, 'o'
Replace 3727, 'a'
Replace 3730, 'q'
Replace 3731, 'z'
Replace 3732, 'w'
Replace 3734, 'z'
Replace 3735, 'f'
Replace 3736, 'k'
Replace 3738, 'y'
Replace 3739, 'n'
Replace 3740, 'b'
Replace 3741, 'm'
Replace 3742, 't'
Replace 3743, 'l'
Replace 3744, 'm'
Replace 3745, 'y'
Replace 3746, 'p'
Replace 3747, 'a'
Replace 3748, 'n'
Replace 3749, 'c'
Replace 3750, 's'
Replace 3751, 'k'
Replace 3752, 'j'
Replace 3753, 'h'
Replace 3755, 'q'
Replace 3757, 'o'
Replace 3760, 'm'
Replace 3761, 'i'
Replace 3762, 'x'
Replace 3763, 'z'
Replace 3767, 'p'
Replace 3768, 'p'
Replace 3773, 'p'
Replace 3774, 'h'
Replace 3776, 'f'
Replace 3777, 's'
Replace 3780, 'i'
Replace 3781, 'r'
Replace 3782, 'w'
Replace 3783, 'd'
Replace 3784, 'h'
Replace 3786, 'f'
Replace 3787, 'y'
Replace 3792, 'm'
Replace 3793, 'z'
Replace 3794, 'i'
Replace 3795, 'n'
Replace 3798, 'c'
Replace 3799, 'x'
Replace 3800, 'f'
Replace 3802, 't'
Replace 3803, 'p'
Replace 3804, 'm'
Replace 3805, 'k'
Replace 3806, 'i'
Replace 3807, 's'
Replace 3812, 's'
Replace 3813, 'd'
Replace 3815, 'w'
Replace 3817, 'j'
Replace 3820, 'i'
Replace 3821, 'a'
Replace 3822, 'v'
Replace 3824, 'm'
Replace 3825, 'p'
Replace 3827, 'p'
Replace 3828, 'e'
Replace 3829, 'p'
Replace 3830, 'r'
Replace 3831, 'a'
Replace 3832, 'i'
Replace 3834, 'o'
Replace 3835, 'j'
Replace 3836, 'f'
Replace 3842, 'e'
Replace 3843, 'q'
Replace 3844, 'c'
Replace 3847, 'w'
Replace 3849, 'b'
Replace 3852, 'k'
Replace 3855, 'z'
Replace 3856, 'o'
Replace 3857, 'b'
Replace 3858, 'h'
Replace 3859, 'u'
Replace 3862, 'b'
Replace 3864, 'p'
Replace 3865, 'z'
Replace 3866, 'p'
Replace 3867, 'e'
Replace 3868, 'g'
Replace 3869, 'x'
Replace 3873, 's'
Replace 3875, 't'
Replace 3877, 'l'
Replace 3879, 'l'
Replace 3880, 'g'
Replace 3881, 'o'
Replace 3882, 'g'
Replace 3884, 'z'
Replace 3885, 'u'
Replace 3886, 'i'
Replace 3887, 'x'
Replace 3888, 'r'
Replace 3889, 'e'
Replace 3891, 'n'
Replace 3892, 's'
Replace 3893, 'i'
Replace 3895, 'x'
Replace 3897, 'o'
Replace 3901, 'o'
Replace 3902, 'p'
Replace 3904, 'r'
Replace 3908, 'c'
Replace 3909, 'w'
Replace 3911, 'a'
Replace 3916, 'y'
Replace 3918, 'o'
Replace 3919, 'j'
Replace 3920, 'm'
Replace 3921, 'x'
Replace 3922, 'o'
Replace 3923, 'g'
Replace 3924, 'z'
Replace 3926, 'v'
Replace 3927, 'v'
Replace 3930, 'c'
Replace 3931, 'q'
Replace 3932, 't'
Replace 3933, 'j'
Replace 3934, 'g'
Replace 3936, 'e'
Replace 3937, 's'
Replace 3938, 'p'
Replace 3942, 't'
Replace 3944, 'y'
Replace 3945, 'm'
Replace 3948, 'a'
Replace 3949, 'g'
Replace 3950, 'i'
Replace 3951, 'i'
Replace 3954, 'c'
Replace 3955, 'u'
Replace 3956, 'x'
Replace 3957, 'l'
Replace 3958, 'a'
Replace 3959, 'z'
Replace 3960, 'o'
Replace 3962, 's'
Replace 3963, 'i'
Replace 3964, 'y'
Replace 3966, 'p'
Replace 3967, 'z'
Replace 3968, 'u'
Replace 3969, 't'
Replace 3970, 'a'
Replace 3971, 'e'
Replace 3974, 'p'
Replace 3975, 'k'
Replace 3976, 'q'
Replace 3978, 'o'
Replace 3979, 'h'
Replace 3982, 'v'
Replace 3984, 'k'
Replace 3989, 'x'
Replace 3991, 'h'
Replace 3992, 'k'
Replace 3993, 'd'
Replace 3994, 'p'
Replace 3995, 'w'
Replace 3997, 't'
Replace 3999, 'o'
Replace 4000, 'u'
Replace 4002, 'i'
Replace 4003, 's'
Replace 4004, 'b'
Replace 4005, 'b'
Replace 4007, 'v'
Replace 4008, 't'
Replace 4011, 'n'
Replace 4013, 'h'
Replace 4018, 'r'
Replace 4021, 'r'
Replace 4022, 'q'
Replace 4023, 'k'
Replace 4027, 'd'
Replace 4028, 'o'
Replace 4029, 'c'
Replace 4033, 'm'
Replace 4034, 's'
Replace 4035, 'x'
Replace 4036, 'u'
Replace 4038, 'q'
Replace 4041, 'w'
Replace 4042, 'g'
Replace 4044, 'i'
Replace 4045, 't'
Replace 4046, 'n'
Replace 4048, 'i'
Replace 4049, 'l'
Replace 4051, 'v'
Replace 4052, 'e'
Replace 4053, 'l'
Replace 4057, 'f'
Replace 4059, 'a'
Replace 4060, 'h'
Replace 4061, 'u'
Replace 4063, 'l'
Replace 4065, 'j'
Replace 4066, 'f'
Replace 4069, 'l'
Replace 4071, 'x'
Replace 4073, 'l'
Replace 4074, 't'
Replace 4075, 'g'
Replace 4076, 'v'
Replace 4077, 'j'
Replace 4078, 'y'
Replace 4079, 'u'
Replace 4080, 'c'
Replace 4081, 'w'
Replace 4082, 'j'
Replace 4083, 'l'
Replace 4084, 'f'
Replace 4085, 'o'
Replace 4090, 't'
Replace 4091, 'u'
Replace 4092, 'j'
Replace 4093, 'c'
Replace 4095, 'e'
Replace 4096, 'n'
Replace 4097, 'b'
Replace 4098, 'o'
Replace 4100, 't'
Replace 4101, 'p'
Replace 4108, 'f'
Replace 4109, 'm'
Replace 4110, 'h'
Replace 4111, 'e'
Replace 4112, 'h'
Replace 4114, 'b'
Replace 4116, 'k'
Replace 4120, 'z'
Replace 4121, 'p'
Replace 4122, 'm'
Replace 4123, 'j'
Replace 4124, 'x'
Replace 4125, 'o'
Replace 4126, 'l'
Replace 4127, 'v'
Replace 4128, 'a'
Replace 4129, 'o'
Replace 4130, 'g'
Replace 4132, 'o'
Replace 4134, 'q'
Replace 4135, 'a'
Replace 4137, 'v'
Replace 4139, 'f'
Replace 4140, 'r'
Replace 4141, 'z'
Replace 4143, 'q'
Replace 4145, 'x'
Replace 4147, 'l'
Replace 4148, 'r'
Replace 4151, 'k'
Replace 4152, 'd'
Replace 4153, 'k'
Replace 4154, 'g'
Replace 4155, 'm'
Replace 4156, 'u'
Replace 4157, 'q'
Replace 4158, 'b'
Replace 4159, 'p'
Replace 4160, 'p'
Replace 4163, 'b'
Replace 4165, 's'
Replace 4166, 'p'
Replace 4171, 'l'
Replace 4172, 'q'
Replace 4173, 'i'
Replace 4175, 'v'
Replace 4179, 'u'
Replace 4180, 'v'
Replace 4182, 'l'
Replace 4184, 'i'
Replace 4185, 'e'
Replace 4186, 'p'
Replace 4187, 'm'
Replace 4189, 'v'
Replace 4193, 'g'
Replace 4194, 's'
Replace 4195, 'r'
Replace 4196, 'w'
Replace 4198, 'a'
Replace 4199, 'q'
Replace 4201, 'z'
Replace 4206, 'i'
Replace 4207, 'z'
Replace 4208, 'o'
Replace 4210, 'g'
Replace 4211, 'r'
Replace 4212, 'q'
Replace 4213, 'h'
Replace 4214, 't'
Replace 4216, 'm'
Replace 4217, 'b'
Replace 4218, 'a'
Replace 4220, 'b'
Replace 4221, 'h'
Replace 4222, 'z'
Replace 4224, 'k'
Replace 4227, 'y'
Replace 4229, 'a'
Replace 4230, 'o'
Replace 4231, 'x'
Replace 4232, 'r'
Replace 4233, 'o'
Replace 4235, 'o'
Replace 4236, 'j'
Replace 4238, 'f'
Replace 4243, 'h'
Replace 4244, 'j'
Replace 4245, 'd'
Replace 4246, 'p'
Replace 4247, 't'
Replace 4248, 'r'
Replace 4249, 'g'
Replace 4250, 's'
Replace 4251, 'w'
Replace 4253, 'y'
Replace 4254, 'e'
Replace 4256, 'k'
Replace 4259, 'u'
Replace 4261, 'h'
Replace 4265, 'l'
Replace 4267, 'q'
Replace 4270, 'i'
Replace 4271, 'k'
Replace 4273, 'b'
Replace 4274, 'z'
Replace 4277, 't'
Replace 4278, 'c'
Replace 4279, 'b'
Replace 4284, 'n'
Replace 4285, 'b'
Replace 4286, 'j'
Replace 4296, 'f'
Replace 4298, 'v'
Replace 4299, 'i'
Replace 4300, 'i'
Replace 4301, 'd'
Replace 4302, 'y'
Replace 4305, 'c'
Replace 4306, 'j'
Replace 4308, 'i'
Replace 4309, 'f'
Replace 4310, 'q'
Replace 4311, 'c'
Replace 4312, 'n'
Replace 4313, 'x'
Replace 4314, 's'
Replace 4316, 'l'
Replace 4317, 'p'
Replace 4318, 'h'
Replace 4319, 'e'
Insert 4304, 'z'
Insert 4296, 'x'
Insert 4295, 's'
Insert 4294, 'l'
Insert 4293, 'u'
Insert 4292, 'w'
Insert 4291, 'h'
Delete 4288
Delete 4282
Delete 4281
Delete 4276
Insert 4270, 't'
Insert 4269, 'u'
Insert 4265, 't'
Insert 4264, 'd'
Insert 4263, 'q'
Insert 4258, 's'
Delete 4242
Delete 4241
Delete 4240
Insert 4227, 's'
Insert 4226, 'p'
Insert 4220, 'e'
Insert 4205, 'u'
Insert 4204, 'd'
Insert 4203, 'p'
Insert 4201, 'd'
Delete 4191
Delete 4177
Delete 4170
Delete 4169
Delete 4168
Delete 4162
Delete 4150
Insert 4137, 't'
Insert 4120, 't'
Insert 4119, 'u'
Insert 4118, 's'
Insert 4107, 'c'
Insert 4106, 'e'
Insert 4104, 'e'
Insert 4104, 'f'
Insert 4103, 'n'
Insert 4100, 'l'
Delete 4089
Delete 4087
Insert 4068, 'e'
Insert 4065, 'n'
Insert 4059, 'h'
Insert 4056, 'b'
Insert 4055, 'l'
Insert 4051, 't'
Delete 4040
Insert 4031, 'p'
Insert 4020, 'n'
Insert 4018, 'e'
Insert 4017, 'o'
Insert 4015, 'w'
Insert 4015, 'w'
Insert 4010, 'r'
Insert 3989, 'g'
Insert 3988, 'u'
Insert 3987, 'e'
Insert 3986, 't'
Insert 3984, 'z'
Insert 3981, 'u'
Delete 3973
Delete 3953
Insert 3947, 'j'
Insert 3941, 'l'
Insert 3940, 'w'
Delete 3929
Insert 3915, 'u'
Insert 3914, 's'
Insert 3913, 'o'
Insert 3907, 't'
Insert 3906, 'j'
Delete 3900
Delete 3899
Insert 3895, 'r'
Insert 3877, 'm'
Insert 3873, 't'
Delete 3854
Delete 3851
Delete 3846
Delete 3840
Delete 3839
Delete 3838
Insert 3819, 'o'
Insert 3817, 'f'
Insert 3815, 'p'
Insert 3812, 'g'
Insert 3811, 'w'
Insert 3809, 'e'
Delete 3797
Insert 3790, 'p'
Insert 3789, 'f'
Insert 3779, 'b'
Insert 3773, 'k'
Insert 3771, 'm'
Insert 3771, 'm'
Insert 3770, 'u'
Insert 3760, 'n'
Insert 3759, 'd'
Insert 3726, 'a'
Insert 3718, 't'
Insert 3717, 'i'
Delete 3705
Delete 3688
Delete 3686
Delete 3683
Delete 3682
Insert 3671, 'x'
Delete 3656
Delete 3655
Insert 3638, 'a'
Insert 3632, 'w'
Insert 3608, 'n'
Insert 3607, 'y'
Insert 3606, 'k'
Insert 3605, 'x'
Delete 3597
Delete 3585
Delete 3584
Delete 3583
Delete 3582
Delete 3567
Insert 3557, 'k'
Insert 3557, 'h'
Insert 3555, 'j'
Insert 3552, 'z'
Insert 3524, 'm'
Insert 3515, 'e'
Insert 3514, 'i'
Insert 3513, 'e'
Insert 3512, 'f'
Insert 3511, 'a'
Insert 3510, 'g'
Insert 3508, 'e'
Insert 3486, 'e'
Delete 3475
Insert 3472, 'e'
Insert 3469, 'v'
Delete 3459
Delete 3449
Delete 3445
Delete 3436
Delete 3427
Delete 3426
Delete 3425
Delete 3424
Delete 3423
Delete 3422
Delete 3412
Insert 3408, 'm'
Insert 3406, 'c'
Delete 3392
Delete 3383
Insert 3378, 'p'
Insert 3376, 'v'
Insert 3371, 't'
Insert 3368, 'c'
Delete 3362
Delete 3353
Delete 3344
Delete 3309
Delete 3291
Delete 3290
Delete 3289
Delete 3288
Delete 3285
Delete 3284
Delete 3283
Delete 3282
Delete 3276
Delete 3275
Delete 3265
Insert 3258, 'k'
Insert 3255, 'f'
Insert 3225, 'd'
Insert 3216, 'p'
Insert 3215, 'm'
Insert 3214, 'd'
Insert 3209, 'j'
Insert 3203, 'w'
Insert 3199, 'a'
Insert 3198, 'u'
Insert 3196, 'p'
Insert 3190, 'x'
Insert 3189, 'k'
Delete 3179
Delete 3178
Insert 3170, 't'
Insert 3157, 't'
Delete 3144
Delete 3130
Delete 3117
Insert 3105, 'r'
Delete 3100
Delete 3092
Delete 3089
Delete 3087
Delete 3086
Delete 3083
Delete 3082
Delete 3064
Delete 3063
Insert 3046, 't'
Insert 3045, 'l'
Insert 3039, 'q'
Insert 3038, 'h'
Insert 3033, 'z'
Insert 3032, 'y'
Insert 3026, 'd'
Insert 3025, 'x'
Insert 3010, 'q'
Delete 3002
Insert 2996, 'q'
Insert 2993, 'e'
Delete 2978
Delete 2969
Delete 2968
Delete 2950
Delete 2948
Delete 2939
Delete 2938
Delete 2927
Delete 2926
Delete 2914
Delete 2913
Delete 2912
Delete 2901
Delete 2900
Delete 2896
Insert 2887, 'w'
Insert 2886, 'k'
Delete 2878
Insert 2871, 'd'
Insert 2870, 'g'
Insert 2865, 'r'
Delete 2840
Delete 2839
Delete 2838
Insert 2826, 'v'
Insert 2825, 'i'
Insert 2824, 'o'
Insert 2822, 'n'
Insert 2813, 'q'
Insert 2812, 'o'
Insert 2810, 'y'
Insert 2809, 'p'
Insert 2806, 'z'
Insert 2802, 'm'
Delete 2785
Delete 2784
Delete 2783
Delete 2781
Insert 2767, 'a'
Insert 2767, 's'
Insert 2767, 'i'
Insert 2766, 'k'
Insert 2764, 'd'
Insert 2761, 'g'
Insert 2758, 'p'
Insert 2757, 'u'
Insert 2750, 'c'
Insert 2749, 'p'
Insert 2746, 'h'
Insert 2745, 'w'
Insert 2744, 'x'
Delete 2731
Delete 2724
Delete 2723
Delete 2706
Delete 2705
Delete 2698
Delete 2693
Delete 2692
Insert 2687, 'b'
Insert 2686, 'v'
Delete 2674
Insert 2672, 's'
Insert 2669, 'l'
Insert 2656, 'j'
Insert 2651, 'r'
Insert 2623, 't'
Delete 2619
Delete 2618
Insert 2612, 'i'
Insert 2600, 'y'
Insert 2597, 'l'
Insert 2592, 'p'
Delete 2586
Delete 2585
Delete 2572
Delete 2571
Delete 2568
Delete 2567
Delete 2558
Delete 2557
Delete 2555
Delete 2554
Delete 2553
Delete 2546
Insert 2544, 'd'
Insert 2542, 'y'
Delete 2539
Delete 2538
Delete 2537
Delete 2534
Delete 2520
Delete 2518
Insert 2512, 'q'
Insert 2511, 's'
Insert 2506, 'l'
Insert 2505, 'c'
Insert 2504, 'q'
Delete 2469
Delete 2468
Delete 2465
Delete 2464
Delete 2457
Delete 2456
Insert 2449, 'b'
Delete 2435
Insert 2432, 'g'
Insert 2429, 'v'
Insert 2426, 'f'
Delete 2421
Delete 2417
Delete 2407
Insert 2402, 'r'
Insert 2402, 'v'
Delete 2398
Insert 2393, 'm'
Insert 2391, 't'
Delete 2383
Delete 2371
Delete 2370
Delete 2364
Delete 2352
Insert 2331, 'm'
Insert 2330, 'g'
Delete 2325
Delete 2319
Insert 2312, 'b'
Delete 2306
Delete 2304
Insert 2301, 'i'
Insert 2300, 'r'
Insert 2293, 'v'
Insert 2291, 'i'
Delete 2284
Delete 2283
Delete 2267
Delete 2266
Delete 2265
Delete 2257
Delete 2256
Delete 2253
Insert 2242, 'k'
Delete 2236
Delete 2225
Delete 2222
Delete 2221
Delete 2217
Delete 2216
Delete 2212
Insert 2206, 'h'
Insert 2193, 's'
Insert 2188, 'w'
Insert 2184, 'y'
Delete 2153
Insert 2149, 'h'
Insert 2148, 'j'
Insert 2141, 'n'
Delete 2116
Insert 2112, 'r'
Insert 2102, 'y'
Insert 2101, 'r'
Insert 2099, 'n'
Insert 2094, 'x'
Insert 2091, 'w'
Delete 2082
Delete 2081
Delete 2080
Delete 2079
Delete 2071
Delete 2069
Delete 2068
Delete 2067
Delete 2058
Delete 2045
Delete 2044
Delete 2043
Delete 2042
Delete 2039
Delete 2034
Delete 2027
Delete 2026
Delete 2021
Insert 1994, 'e'
Delete 1985
Delete 1982
Insert 1979, 'p'
Insert 1978, 'd'
Insert 1977, 'e'
Insert 1975, 's'
Delete 1959
Delete 1958
Insert 1955, 'w'
Delete 1947
Delete 1933
Delete 1932
Insert 1921, 'r'
Delete 1916
Delete 1915
Delete 1914
Delete 1913
Delete 1911
Delete 1910
Delete 1909
Insert 1902, 'v'
Insert 1899, 'b'
Insert 1890, 'b'
Delete 1880
Delete 1876
Delete 1875
Delete 1874
Delete 1868
Delete 1867
Delete 1860
Insert 1855, 'q'
Insert 1852, 'x'
Delete 1840
Delete 1839
Delete 1838
Insert 1835, 'c'
Insert 1827, 'i'
Insert 1818, 's'
Insert 1817, 'a'
Insert 1814, 'y'
Delete 1796
Delete 1795
Insert 1792, 't'
Insert 1782, 'v'
Insert 1781, 'q'
Insert 1780, 'l'
Delete 1775
Delete 1774
Insert 1770, 'e'
Insert 1761, 'a'
Insert 1752, 'b'
Insert 1737, 'p'
Insert 1728, 'b'
Insert 1727, 'e'
Insert 1724, 'k'
Insert 1722, 'u'
Insert 1721, 'f'
Insert 1720, 's'
Insert 1716, 'y'
Insert 1715, 'f'
Insert 1711, 't'
Insert 1710, 'x'
Delete 1703
Insert 1695, 'n'
Delete 1689
Delete 1688
Delete 1687
Delete 1686
Insert 1683, 'j'
Insert 1682, 'd'
Insert 1681, 'i'
Delete 1674
Insert 1670, 'w'
Insert 1668, 'm'
Insert 1665, 'p'
Insert 1658, 'z'
Insert 1657, 'p'
Insert 1656, 'h'
Insert 1653, 'h'
Insert 1649, 'm'
Insert 1648, 'n'
Insert 1640, 'w'
Insert 1631, 'a'
Delete 1611
Delete 1610
Delete 1609
Delete 1608
Insert 1606, 'c'
Delete 1589
Delete 1588
Delete 1586
Delete 1583
Delete 1573
Delete 1572
Insert 1558, 's'
Insert 1558, 'f'
Insert 1558, 'p'
Insert 1546, 'q'
Delete 1524
Delete 1519
Insert 1477, 'b'
Insert 1476, 'e'
Insert 1475, 'k'
Insert 1474, 't'
Insert 1473, 'r'
Insert 1459, 'p'
Insert 1458, 'z'
Delete 1443
Delete 1442
Insert 1432, 'w'
Insert 1428, 'q'
Insert 1427, 'a'
Insert 1411, 'v'
Insert 1407, 'k'
Delete 1392
Insert 1365, 'e'
Delete 1344
Insert 1322, 'e'
Insert 1315, 'v'
Insert 1314, 'p'
Insert 1305, 'd'
Insert 1305, 'v'
Insert 1304, 'n'
Insert 1303, 'x'
Insert 1302, 'k'
Insert 1300, 't'
Insert 1299, 'k'
Insert 1298, 't'
Insert 1277, 'a'
Insert 1259, 'p'
Delete 1247
Delete 1246
Delete 1244
Insert 1239, 'u'
Insert 1238, 'd'
Delete 1227
Delete 1226
Delete 1225
Delete 1224
Insert 1220, 'u'
Insert 1218, 'a'
Insert 1217, 'x'
Insert 1215, 'j'
Insert 1212, 'd'
Insert 1202, 'b'
Insert 1201, 'v'
Insert 1197, 'n'
Insert 1186, 'b'
Insert 1185, 'z'
Delete 1173
Delete 1167
Delete 1166
Delete 1161
Delete 1145
Delete 1141
Delete 1136
Delete 1133
Delete 1132
Delete 1131
Delete 1120
Delete 1119
Delete 1116
Delete 1115
Delete 1112
Insert 1104, 'm'
Insert 1087, 'd'
Delete 1080
Delete 1079
Insert 1065, 'n'
Insert 1055, 'n'
Insert 1052, 'u'
Insert 1045, 'u'
Delete 1037
Delete 1036
Delete 1027
Delete 1022
Delete 1021
Delete 1019
Delete 1017
Delete 1014
Delete 1010
Delete 1009
Delete 980
Delete 979
Delete 971
Insert 965, 'x'
Insert 957, 'v'
Insert 957, 'f'
Insert 955, 'm'
Insert 946, 'o'
Delete 935
Delete 908
Delete 904
Insert 899, 'h'
Delete 890
Insert 881, 'b'
Insert 880, 'd'
Insert 878, 'q'
Insert 855, 'f'
Insert 853, 'j'
Insert 847, 'e'
Insert 846, 'h'
Insert 841, 't'
Delete 820
Delete 794
Insert 766, 'y'
Delete 746
Delete 745
Insert 739, 'n'
Insert 737, 'n'
Insert 736, 'y'
Insert 735, 'a'
Insert 725, 'q'
Insert 716, 'g'
Insert 714, 'f'
Insert 710, 'o'
Insert 703, 'h'
Insert 686, 'g'
Insert 683, 'h'
Insert 680, 'k'
Insert 677, 'r'
Insert 677, 'r'
Insert 676, 'f'
Insert 675, 'v'
Insert 674, 'a'
Insert 673, 'p'
Insert 672, 'd'
Insert 662, 'p'
Insert 661, 'u'
Insert 660, 'v'
Insert 655, 'k'
Insert 654, 'c'
Insert 653, 'a'
Insert 652, 'b'
Insert 650, 'w'
Insert 637, 'f'
Insert 636, 'u'
Delete 629
Delete 607
Delete 591
Delete 588
Delete 587
Delete 586
Delete 585
Delete 582
Delete 581
Delete 580
Delete 570
Delete 554
Delete 548
Delete 547
Delete 545
Delete 526
Delete 525
Delete 524
Delete 518
Delete 517
Delete 516
Delete 511
Delete 497
Delete 485
Delete 475
Delete 470
Delete 461
Insert 454, 'x'
Insert 451, 'h'
Insert 449, 'v'
Insert 437, 'a'
Insert 422, 'b'
Insert 419, 'o'
Insert 418, 'm'
Insert 402, 'z'
Insert 401, 't'
Insert 387, 'n'
Insert 365, 'k'
Insert 362, 'z'
Insert 350, 'f'
Insert 348, 'h'
Insert 342, 'o'
Insert 339, 'b'
Insert 337, 'c'
Insert 334, 'h'
Insert 332, 'b'
Insert 332, 't'
Insert 329, 'q'
Insert 328, 'z'
Insert 326, 'r'
Insert 325, 'p'
Insert 324, 'j'
Delete 303
Delete 302
Delete 298
Delete 295
Insert 291, 'y'
Insert 290, 'a'
Insert 289, 'r'
Delete 279
Delete 278
Insert 271, 'c'
Insert 270, 'q'
Delete 255
Delete 254
Insert 242, 's'
Insert 217, 'p'
Insert 216, 'g'
Delete 211
Delete 210
Delete 208
Delete 207
Delete 201
Delete 199
Insert 178, 'n'
Insert 177, 'z'
Insert 163, 'z'
Insert 161, 'a'
Insert 160, 'f'
Insert 151, 'z'
Delete 136
Insert 129, 'm'
Insert 117, 'i'
Insert 116, 'h'
Insert 115, 'j'
Insert 114, 'l'
Insert 113, 'k'
Insert 111, 'a'
Insert 98, 'o'
Insert 97, 'l'
Insert 96, 'j'
Insert 90, 'r'
Delete 78
Delete 77
Insert 74, 'b'
Delete 70
Delete 62
Delete 61
Insert 54, 'k'
Insert 46, 'n'
Delete 27
Insert 12, 'c'
Insert 5, 'l'
Insert 3, 'm'
Insert 0, 'q'
